Log file open, 02/13/19 12:14:49
LogWindows: Failed to load 'aqProf.dll' (GetLastError=126)
LogWindows: File 'aqProf.dll' does not exist
LogWindows: Failed to load 'VtuneApi.dll' (GetLastError=126)
LogWindows: File 'VtuneApi.dll' does not exist
LogWindows: Failed to load 'VtuneApi32e.dll' (GetLastError=126)
LogWindows: File 'VtuneApi32e.dll' does not exist
LogInit: Display: Running engine for game: jman
LogPlatformFile: Not using cached read wrapper
LogInit: Display: RandInit(-138748442) SRandInit(-138748441).
LogInit: Read version file with build ID '3944462'
LogInit: Overriding engine version to CL 4033788, compatible CL 3944462
LogInit: Registered custom module enumerator with build ID '3944462'
LogTaskGraph: Started task graph with 5 named threads and 35 total threads with 3 sets of task threads.
LogStats: Stats thread started at 0.595125
LogD3D11RHI: Aftermath initialized
LogICUInternationalization: Display: ICU TimeZone Detection - Raw Offset: +0:00, Platform Override: ''
LogModuleManager: Display: Found up-to-date module file ../../../Engine/Plugins/2D/Paper2D/Binaries/Win64/UE4Editor-Paper2D.dll (API version 3944462).
LogModuleManager: Display: Found up-to-date module file ../../../Engine/Plugins/2D/Paper2D/Binaries/Win64/UE4Editor-Paper2DEditor.dll (API version 3944462).
LogModuleManager: Display: Found up-to-date module file ../../../Engine/Plugins/2D/Paper2D/Binaries/Win64/UE4Editor-PaperSpriteSheetImporter.dll (API version 3944462).
LogModuleManager: Display: Found up-to-date module file ../../../Engine/Plugins/2D/Paper2D/Binaries/Win64/UE4Editor-PaperTiledImporter.dll (API version 3944462).
LogModuleManager: Display: Found up-to-date module file ../../../Engine/Plugins/2D/Paper2D/Binaries/Win64/UE4Editor-SmartSnapping.dll (API version 3944462).
LogModuleManager: Display: Found up-to-date module file ../../../Engine/Plugins/Blendables/LightPropagationVolume/Binaries/Win64/UE4Editor-LightPropagationVolumeRuntime.dll (API version 3944462).
LogModuleManager: Display: Found up-to-date module file ../../../Engine/Plugins/Blendables/LightPropagationVolume/Binaries/Win64/UE4Editor-LightPropagationVolumeEditor.dll (API version 3944462).
LogModuleManager: Display: Found up-to-date module file ../../../Engine/Plugins/Developer/CLionSourceCodeAccess/Binaries/Win64/UE4Editor-CLionSourceCodeAccess.dll (API version 3944462).
LogModuleManager: Display: Found up-to-date module file ../../../Engine/Plugins/Developer/GitSourceControl/Binaries/Win64/UE4Editor-GitSourceControl.dll (API version 3944462).
LogModuleManager: Display: Found up-to-date module file ../../../Engine/Plugins/Developer/PerforceSourceControl/Binaries/Win64/UE4Editor-PerforceSourceControl.dll (API version 3944462).
LogModuleManager: Display: Found up-to-date module file ../../../Engine/Plugins/Developer/SubversionSourceControl/Binaries/Win64/UE4Editor-SubversionSourceControl.dll (API version 3944462).
LogModuleManager: Display: Found up-to-date module file ../../../Engine/Plugins/Developer/UObjectPlugin/Binaries/Win64/UE4Editor-UObjectPlugin.dll (API version 3944462).
LogModuleManager: Display: Found up-to-date module file ../../../Engine/Plugins/Developer/VisualStudioCodeSourceCodeAccess/Binaries/Win64/UE4Editor-VisualStudioCodeSourceCodeAccess.dll (API version 3944462).
LogModuleManager: Display: Found up-to-date module file ../../../Engine/Plugins/Developer/VisualStudioSourceCodeAccess/Binaries/Win64/UE4Editor-VisualStudioSourceCodeAccess.dll (API version 3944462).
LogModuleManager: Display: Found up-to-date module file ../../../Engine/Plugins/Editor/AssetManagerEditor/Binaries/Win64/UE4Editor-AssetManagerEditor.dll (API version 3944462).
LogModuleManager: Display: Found up-to-date module file ../../../Engine/Plugins/Editor/CryptoKeys/Binaries/Win64/UE4Editor-CryptoKeys.dll (API version 3944462).
LogModuleManager: Display: Found up-to-date module file ../../../Engine/Plugins/Editor/CryptoKeys/Binaries/Win64/UE4Editor-CryptoKeysOpenSSL.dll (API version 3944462).
LogModuleManager: Display: Found up-to-date module file ../../../Engine/Plugins/Editor/DataValidation/Binaries/Win64/UE4Editor-DataValidation.dll (API version 3944462).
LogModuleManager: Display: Found up-to-date module file ../../../Engine/Plugins/Editor/FacialAnimation/Binaries/Win64/UE4Editor-FacialAnimation.dll (API version 3944462).
LogModuleManager: Display: Found up-to-date module file ../../../Engine/Plugins/Editor/FacialAnimation/Binaries/Win64/UE4Editor-FacialAnimationEditor.dll (API version 3944462).
LogModuleManager: Display: Found up-to-date module file ../../../Engine/Plugins/Editor/GameplayTagsEditor/Binaries/Win64/UE4Editor-GameplayTagsEditor.dll (API version 3944462).
LogModuleManager: Display: Found up-to-date module file ../../../Engine/Plugins/Editor/MobileLauncherProfileWizard/Binaries/Win64/UE4Editor-MobileLauncherProfileWizard.dll (API version 3944462).
LogModuleManager: Display: Found up-to-date module file ../../../Engine/Plugins/Editor/PluginBrowser/Binaries/Win64/UE4Editor-PluginBrowser.dll (API version 3944462).
LogModuleManager: Display: Found up-to-date module file ../../../Engine/Plugins/Editor/SpeedTreeImporter/Binaries/Win64/UE4Editor-SpeedTreeImporter.dll (API version 3944462).
LogModuleManager: Display: Found up-to-date module file ../../../Engine/Plugins/Enterprise/DatasmithContent/Binaries/Win64/UE4Editor-DatasmithContent.dll (API version 3944462).
LogModuleManager: Display: Found up-to-date module file ../../../Engine/Plugins/Experimental/AlembicImporter/Binaries/Win64/UE4Editor-AlembicImporter.dll (API version 3944462).
LogModuleManager: Display: Found up-to-date module file ../../../Engine/Plugins/Experimental/AlembicImporter/Binaries/Win64/UE4Editor-AlembicLibrary.dll (API version 3944462).
LogModuleManager: Display: Found up-to-date module file ../../../Engine/Plugins/Experimental/CharacterAI/Binaries/Win64/UE4Editor-CharacterAI.dll (API version 3944462).
LogModuleManager: Display: Found up-to-date module file ../../../Engine/Plugins/Experimental/HTML5Networking/Binaries/Win64/UE4Editor-HTML5Networking.dll (API version 3944462).
LogModuleManager: Display: Found up-to-date module file ../../../Engine/Plugins/Media/AndroidMedia/Binaries/Win64/UE4Editor-AndroidMediaEditor.dll (API version 3944462).
LogModuleManager: Display: Found up-to-date module file ../../../Engine/Plugins/Media/AndroidMedia/Binaries/Win64/UE4Editor-AndroidMediaFactory.dll (API version 3944462).
LogModuleManager: Display: Found up-to-date module file ../../../Engine/Plugins/Media/AvfMedia/Binaries/Win64/UE4Editor-AvfMediaEditor.dll (API version 3944462).
LogModuleManager: Display: Found up-to-date module file ../../../Engine/Plugins/Media/AvfMedia/Binaries/Win64/UE4Editor-AvfMediaFactory.dll (API version 3944462).
LogModuleManager: Display: Found up-to-date module file ../../../Engine/Plugins/Media/AvfMedia/Binaries/Win64/UE4Editor-AvfMediaFactory.dll (API version 3944462).
LogModuleManager: Display: Found up-to-date module file ../../../Engine/Plugins/Media/ImgMedia/Binaries/Win64/UE4Editor-ImgMedia.dll (API version 3944462).
LogModuleManager: Display: Found up-to-date module file ../../../Engine/Plugins/Media/ImgMedia/Binaries/Win64/UE4Editor-ImgMediaEditor.dll (API version 3944462).
LogModuleManager: Display: Found up-to-date module file ../../../Engine/Plugins/Media/ImgMedia/Binaries/Win64/UE4Editor-ImgMediaFactory.dll (API version 3944462).
LogModuleManager: Display: Found up-to-date module file ../../../Engine/Plugins/Media/ImgMedia/Binaries/Win64/UE4Editor-ImgMediaFactory.dll (API version 3944462).
LogModuleManager: Display: Found up-to-date module file ../../../Engine/Plugins/Media/ImgMedia/Binaries/Win64/UE4Editor-OpenExrWrapper.dll (API version 3944462).
LogModuleManager: Display: Found up-to-date module file ../../../Engine/Plugins/Media/LinearTimecode/Binaries/Win64/UE4Editor-LinearTimecode.dll (API version 3944462).
LogModuleManager: Display: Found up-to-date module file ../../../Engine/Plugins/Media/MediaCompositing/Binaries/Win64/UE4Editor-MediaCompositing.dll (API version 3944462).
LogModuleManager: Display: Found up-to-date module file ../../../Engine/Plugins/Media/MediaCompositing/Binaries/Win64/UE4Editor-MediaCompositingEditor.dll (API version 3944462).
LogModuleManager: Display: Found up-to-date module file ../../../Engine/Plugins/Media/MediaPlayerEditor/Binaries/Win64/UE4Editor-MediaPlayerEditor.dll (API version 3944462).
LogModuleManager: Display: Found up-to-date module file ../../../Engine/Plugins/Media/WmfMedia/Binaries/Win64/UE4Editor-WmfMedia.dll (API version 3944462).
LogModuleManager: Display: Found up-to-date module file ../../../Engine/Plugins/Media/WmfMedia/Binaries/Win64/UE4Editor-WmfMediaEditor.dll (API version 3944462).
LogModuleManager: Display: Found up-to-date module file ../../../Engine/Plugins/Media/WmfMedia/Binaries/Win64/UE4Editor-WmfMediaFactory.dll (API version 3944462).
LogModuleManager: Display: Found up-to-date module file ../../../Engine/Plugins/Media/WmfMedia/Binaries/Win64/UE4Editor-WmfMediaFactory.dll (API version 3944462).
LogModuleManager: Display: Found up-to-date module file ../../../Engine/Plugins/Messaging/TcpMessaging/Binaries/Win64/UE4Editor-TcpMessaging.dll (API version 3944462).
LogModuleManager: Display: Found up-to-date module file ../../../Engine/Plugins/Messaging/UdpMessaging/Binaries/Win64/UE4Editor-UdpMessaging.dll (API version 3944462).
LogModuleManager: Display: Found up-to-date module file ../../../Engine/Plugins/MovieScene/ActorSequence/Binaries/Win64/UE4Editor-ActorSequence.dll (API version 3944462).
LogModuleManager: Display: Found up-to-date module file ../../../Engine/Plugins/MovieScene/LevelSequenceEditor/Binaries/Win64/UE4Editor-LevelSequenceEditor.dll (API version 3944462).
LogModuleManager: Display: Found up-to-date module file ../../../Engine/Plugins/MovieScene/MatineeToLevelSequence/Binaries/Win64/UE4Editor-MatineeToLevelSequence.dll (API version 3944462).
LogModuleManager: Display: Found up-to-date module file ../../../Engine/Plugins/NetcodeUnitTest/NetcodeUnitTest/Binaries/Win64/UE4Editor-NetcodeUnitTest.dll (API version 3944462).
LogModuleManager: Display: Found up-to-date module file ../../../Engine/Plugins/NetcodeUnitTest/NUTUnrealEngine4/Binaries/Win64/UE4Editor-NUTUnrealEngine4.dll (API version 3944462).
LogModuleManager: Display: Found up-to-date module file ../../../Engine/Plugins/Online/OnlineSubsystem/Binaries/Win64/UE4Editor-OnlineSubsystem.dll (API version 3944462).
LogModuleManager: Display: Found up-to-date module file ../../../Engine/Plugins/Runtime/AndroidPermission/Binaries/Win64/UE4Editor-AndroidPermission.dll (API version 3944462).
LogModuleManager: Display: Found up-to-date module file ../../../Engine/Plugins/Online/OnlineSubsystemNull/Binaries/Win64/UE4Editor-OnlineSubsystemNull.dll (API version 3944462).
LogModuleManager: Display: Found up-to-date module file ../../../Engine/Plugins/Online/OnlineSubsystemUtils/Binaries/Win64/UE4Editor-OnlineSubsystemUtils.dll (API version 3944462).
LogModuleManager: Display: Found up-to-date module file ../../../Engine/Plugins/Online/OnlineSubsystemUtils/Binaries/Win64/UE4Editor-OnlineBlueprintSupport.dll (API version 3944462).
LogModuleManager: Display: Found up-to-date module file ../../../Engine/Plugins/Runtime/AndroidDeviceProfileSelector/Binaries/Win64/UE4Editor-AndroidDeviceProfileSelector.dll (API version 3944462).
LogModuleManager: Display: Found up-to-date module file ../../../Engine/Plugins/Runtime/AppleARKit/Binaries/Win64/UE4Editor-AppleARKit.dll (API version 3944462).
LogModuleManager: Display: Found up-to-date module file ../../../Engine/Plugins/Runtime/ProceduralMeshComponent/Binaries/Win64/UE4Editor-ProceduralMeshComponent.dll (API version 3944462).
LogModuleManager: Display: Found up-to-date module file ../../../Engine/Plugins/Runtime/ProceduralMeshComponent/Binaries/Win64/UE4Editor-ProceduralMeshComponentEditor.dll (API version 3944462).
LogModuleManager: Display: Found up-to-date module file ../../../Engine/Plugins/Animation/LiveLink/Binaries/Win64/UE4Editor-LiveLink.dll (API version 3944462).
LogModuleManager: Display: Found up-to-date module file ../../../Engine/Plugins/Animation/LiveLink/Binaries/Win64/UE4Editor-LiveLinkEditor.dll (API version 3944462).
LogModuleManager: Display: Found up-to-date module file ../../../Engine/Plugins/Runtime/ArchVisCharacter/Binaries/Win64/UE4Editor-ArchVisCharacter.dll (API version 3944462).
LogModuleManager: Display: Found up-to-date module file ../../../Engine/Plugins/Runtime/AudioCapture/Binaries/Win64/UE4Editor-AudioCapture.dll (API version 3944462).
LogModuleManager: Display: Found up-to-date module file ../../../Engine/Plugins/Runtime/AudioCapture/Binaries/Win64/UE4Editor-AudioCaptureEditor.dll (API version 3944462).
LogModuleManager: Display: Found up-to-date module file ../../../Engine/Plugins/Runtime/CableComponent/Binaries/Win64/UE4Editor-CableComponent.dll (API version 3944462).
LogModuleManager: Display: Found up-to-date module file ../../../Engine/Plugins/Runtime/CustomMeshComponent/Binaries/Win64/UE4Editor-CustomMeshComponent.dll (API version 3944462).
LogModuleManager: Display: Found up-to-date module file ../../../Engine/Plugins/Runtime/ExampleDeviceProfileSelector/Binaries/Win64/UE4Editor-ExampleDeviceProfileSelector.dll (API version 3944462).
LogModuleManager: Display: Found up-to-date module file ../../../Engine/Plugins/Runtime/ImmediatePhysics/Binaries/Win64/UE4Editor-ImmediatePhysics.dll (API version 3944462).
LogModuleManager: Display: Found up-to-date module file ../../../Engine/Plugins/Runtime/ImmediatePhysics/Binaries/Win64/UE4Editor-ImmediatePhysicsEditor.dll (API version 3944462).
LogModuleManager: Display: Found up-to-date module file ../../../Engine/Plugins/Runtime/LocationServicesBPLibrary/Binaries/Win64/UE4Editor-LocationServicesBPLibrary.dll (API version 3944462).
LogModuleManager: Display: Found up-to-date module file ../../../Engine/Plugins/Runtime/MobilePatchingUtils/Binaries/Win64/UE4Editor-MobilePatchingUtils.dll (API version 3944462).
LogModuleManager: Display: Found up-to-date module file ../../../Engine/Plugins/Runtime/Oculus/OculusVR/Binaries/Win64/UE4Editor-OculusHMD.dll (API version 3944462).
LogModuleManager: Display: Found up-to-date module file ../../../Engine/Plugins/Runtime/Oculus/OculusVR/Binaries/Win64/UE4Editor-OculusInput.dll (API version 3944462).
LogModuleManager: Display: Found up-to-date module file ../../../Engine/Plugins/Runtime/Oculus/OculusVR/Binaries/Win64/UE4Editor-OculusEditor.dll (API version 3944462).
LogModuleManager: Display: Found up-to-date module file ../../../Engine/Plugins/Runtime/PhysXVehicles/Binaries/Win64/UE4Editor-PhysXVehicles.dll (API version 3944462).
LogModuleManager: Display: Found up-to-date module file ../../../Engine/Plugins/Runtime/PhysXVehicles/Binaries/Win64/UE4Editor-PhysXVehiclesEditor.dll (API version 3944462).
LogModuleManager: Display: Found up-to-date module file ../../../Engine/Plugins/Runtime/RuntimePhysXCooking/Binaries/Win64/UE4Editor-RuntimePhysXCooking.dll (API version 3944462).
LogModuleManager: Display: Found up-to-date module file ../../../Engine/Plugins/Runtime/Steam/SteamVR/Binaries/Win64/UE4Editor-SteamVR.dll (API version 3944462).
LogModuleManager: Display: Found up-to-date module file ../../../Engine/Plugins/Runtime/Steam/SteamVR/Binaries/Win64/UE4Editor-SteamVRController.dll (API version 3944462).
LogModuleManager: Display: Found up-to-date module file ../../../Engine/Plugins/Runtime/WindowsMoviePlayer/Binaries/Win64/UE4Editor-WindowsMoviePlayer.dll (API version 3944462).
LogPluginManager: Mounting plugin Paper2D
LogPluginManager: Mounting plugin LiveLink
LogPluginManager: Mounting plugin LightPropagationVolume
LogPluginManager: Mounting plugin CLionSourceCodeAccess
LogPluginManager: Mounting plugin CodeLiteSourceCodeAccess
LogPluginManager: Mounting plugin GitSourceControl
LogPluginManager: Mounting plugin KDevelopSourceCodeAccess
LogPluginManager: Mounting plugin NullSourceCodeAccess
LogPluginManager: Mounting plugin PerforceSourceControl
LogPluginManager: Mounting plugin SubversionSourceControl
LogPluginManager: Mounting plugin UObjectPlugin
LogPluginManager: Mounting plugin VisualStudioCodeSourceCodeAccess
LogPluginManager: Mounting plugin VisualStudioSourceCodeAccess
LogPluginManager: Mounting plugin XCodeSourceCodeAccess
LogPluginManager: Mounting plugin AssetManagerEditor
LogPluginManager: Mounting plugin CryptoKeys
LogPluginManager: Mounting plugin DataValidation
LogPluginManager: Mounting plugin FacialAnimation
LogPluginManager: Mounting plugin GameplayTagsEditor
LogPluginManager: Mounting plugin MobileLauncherProfileWizard
LogPluginManager: Mounting plugin PluginBrowser
LogPluginManager: Mounting plugin SpeedTreeImporter
LogPluginManager: Mounting plugin DatasmithContent
LogPluginManager: Mounting plugin AlembicImporter
LogPluginManager: Mounting plugin CharacterAI
LogPluginManager: Mounting plugin HTML5Networking
LogPluginManager: Mounting plugin AndroidMedia
LogPluginManager: Mounting plugin AvfMedia
LogPluginManager: Mounting plugin ImgMedia
LogPluginManager: Mounting plugin LinearTimecode
LogPluginManager: Mounting plugin MediaCompositing
LogPluginManager: Mounting plugin MediaPlayerEditor
LogPluginManager: Mounting plugin WmfMedia
LogPluginManager: Mounting plugin TcpMessaging
LogPluginManager: Mounting plugin UdpMessaging
LogPluginManager: Mounting plugin ActorSequence
LogPluginManager: Mounting plugin LevelSequenceEditor
LogPluginManager: Mounting plugin MatineeToLevelSequence
LogPluginManager: Mounting plugin NetcodeUnitTest
LogPluginManager: Mounting plugin NUTUnrealEngine4
LogPluginManager: Mounting plugin OnlineSubsystemGooglePlay
LogPluginManager: Mounting plugin OnlineSubsystemIOS
LogPluginManager: Mounting plugin OnlineSubsystem
LogPluginManager: Mounting plugin OnlineSubsystemNull
LogPluginManager: Mounting plugin OnlineSubsystemUtils
LogPluginManager: Mounting plugin AndroidDeviceProfileSelector
LogPluginManager: Mounting plugin AndroidMoviePlayer
LogPluginManager: Mounting plugin AndroidPermission
LogPluginManager: Mounting plugin AppleARKit
LogPluginManager: Mounting plugin AppleMoviePlayer
LogPluginManager: Mounting plugin ArchVisCharacter
LogPluginManager: Mounting plugin AudioCapture
LogPluginManager: Mounting plugin CableComponent
LogPluginManager: Mounting plugin CustomMeshComponent
LogPluginManager: Mounting plugin ExampleDeviceProfileSelector
LogPluginManager: Mounting plugin GoogleCloudMessaging
LogPluginManager: Mounting plugin ImmediatePhysics
LogPluginManager: Mounting plugin IOSDeviceProfileSelector
LogPluginManager: Mounting plugin LinuxDeviceProfileSelector
LogPluginManager: Mounting plugin LocationServicesBPLibrary
LogPluginManager: Mounting plugin MobilePatchingUtils
LogPluginManager: Mounting plugin OculusVR
LogPluginManager: Plugin shader directory ../../../Engine/Plugins/Runtime/Oculus/OculusVR/Shaders found
LogPluginManager: Mapping shader source directory ../../../Engine/Plugins/Runtime/Oculus/OculusVR/Shaders to virtual directory /Plugin/OculusVR
LogPluginManager: Mounting plugin PhysXVehicles
LogPluginManager: Mounting plugin ProceduralMeshComponent
LogPluginManager: Mounting plugin RuntimePhysXCooking
LogPluginManager: Mounting plugin SteamVR
LogPluginManager: Mounting plugin WindowsMoviePlayer
LogStreaming: Display: Took  3.719s to configure plugins.
LogInit: Using libcurl 7.47.1
LogInit:  - built for x86_64-pc-win32
LogInit:  - supports SSL with OpenSSL/1.0.2g
LogInit:  - supports HTTP deflate (compression) using libz 1.2.8
LogInit:  - other features:
LogInit:      CURL_VERSION_SSL
LogInit:      CURL_VERSION_LIBZ
LogInit:      CURL_VERSION_IPV6
LogInit:      CURL_VERSION_ASYNCHDNS
LogInit:      CURL_VERSION_LARGEFILE
LogInit:      CURL_VERSION_IDN
LogInit:  CurlRequestOptions (configurable via config and command line):
LogInit:  - bVerifyPeer = false  - Libcurl will NOT verify peer certificate
LogInit:  - bUseHttpProxy = false  - Libcurl will NOT use HTTP proxy
LogInit:  - bDontReuseConnections = false  - Libcurl will reuse connections
LogInit:  - CertBundlePath = nullptr  - Libcurl will use whatever was configured at build time.
LogInit:  - MaxHostConnections = 16  - Libcurl will limit the number of connections to a host
LogInit:  - LocalHostAddr = Default
LogInit: WinSock: version 1.1 (2.2), MaxSocks=32767, MaxUdp=65467
LogInit: WinSock: I am TU45339 (152.105.218.224:0)
LogInit: Build: ++UE4+Release-4.19-CL-4033788
LogInit: Engine Version: 4.19.2-4033788+++UE4+Release-4.19
LogInit: Compatible Engine Version: 4.19.0-3944462+++UE4+Release-4.19
LogInit: Net CL: 3944462
LogDevObjectVersion: Number of dev versions registered: 18
LogDevObjectVersion:   Dev-Blueprints (B0D832E4-1F89-4F0D-ACCF-7EB736FD4AA2): 10
LogDevObjectVersion:   Dev-Build (E1C64328-A22C-4D53-A36C-8E866417BD8C): 0
LogDevObjectVersion:   Dev-Core (375EC13C-06E4-48FB-B500-84F0262A717E): 2
LogDevObjectVersion:   Dev-Editor (E4B068ED-F494-42E9-A231-DA0B2E46BB41): 23
LogDevObjectVersion:   Dev-Framework (CFFC743F-43B0-4480-9391-14DF171D2073): 33
LogDevObjectVersion:   Dev-Mobile (B02B49B5-BB20-44E9-A304-32B752E40360): 2
LogDevObjectVersion:   Dev-Networking (A4E4105C-59A1-49B5-A7C5-40C4547EDFEE): 0
LogDevObjectVersion:   Dev-Online (39C831C9-5AE6-47DC-9A44-9C173E1C8E7C): 0
LogDevObjectVersion:   Dev-Physics (78F01B33-EBEA-4F98-B9B4-84EACCB95AA2): 0
LogDevObjectVersion:   Dev-Platform (6631380F-2D4D-43E0-8009-CF276956A95A): 0
LogDevObjectVersion:   Dev-Rendering (12F88B9F-8875-4AFC-A67C-D90C383ABD29): 25
LogDevObjectVersion:   Dev-Sequencer (7B5AE74C-D270-4C10-A958-57980B212A5A): 6
LogDevObjectVersion:   Dev-VR (D7296918-1DD6-4BDD-9DE2-64A83CC13884): 1
LogDevObjectVersion:   Dev-LoadTimes (C2A15278-BFE7-4AFE-6C17-90FF531DF755): 1
LogDevObjectVersion:   Private-Geometry (6EACA3D4-40EC-4CC1-B786-8BED09428FC5): 2
LogDevObjectVersion:   Dev-AnimPhys (29E575DD-E0A3-4627-9D10-D276232CDCEA): 16
LogDevObjectVersion:   Dev-ReflectionCapture (6B266CEC-1EC7-4B8F-A30B-E4D90942FC07): 1
LogDevObjectVersion:   Dev-Automation (0DF73D61-A23F-47EA-B727-89E90C41499A): 1
LogInit: Compiled (64-bit): Apr 27 2018 02:06:57
LogInit: Compiled with Visual C++: 19.00.24215.01
LogInit: Build Configuration: Development
LogInit: Branch Name: ++UE4+Release-4.19
LogInit: Command Line: 
LogInit: Base Directory: C:/Program Files/Epic Games/UE_4.19/Engine/Binaries/Win64/
LogInit: Installed Engine Build: 1
LogStreaming: Display: Took  0.000s to delete old logs.
LogInit: Presizing for max 8388607 objects, including 0 objects not considered by GC, pre-allocating 0 bytes for permanent pool.
LogInit: Object subsystem initialized
[2019.02.13-12.14.53:632][  0]LogInit: Selected Device Profile: [Windows]
[2019.02.13-12.14.53:632][  0]LogInit: Applying CVar settings loaded from the selected device profile: [Windows]
[2019.02.13-12.14.53:699][  0]LogInit: Computer: TU45339
[2019.02.13-12.14.53:699][  0]LogInit: User: s6111848
[2019.02.13-12.14.53:699][  0]LogInit: CPU Page size=4096, Cores=6
[2019.02.13-12.14.53:699][  0]LogInit: High frequency timer resolution =3.410070 MHz
[2019.02.13-12.14.53:699][  0]LogMemory: Memory total: Physical=31.9GB (32GB approx)
[2019.02.13-12.14.53:699][  0]LogMemory: Platform Memory Stats for Windows
[2019.02.13-12.14.53:699][  0]LogMemory: Process Physical Memory: 276.68 MB used, 276.68 MB peak
[2019.02.13-12.14.53:699][  0]LogMemory: Process Virtual Memory: 271.66 MB used, 271.66 MB peak
[2019.02.13-12.14.53:699][  0]LogMemory: Physical Memory: 5482.86 MB used,  27201.32 MB free, 32684.17 MB total
[2019.02.13-12.14.53:699][  0]LogMemory: Virtual Memory: 716.66 MB used,  27201.32 MB free, 134217728.00 MB total
[2019.02.13-12.14.53:952][  0]LogInit: Using OS detected language (en-GB).
[2019.02.13-12.14.53:952][  0]LogInit: Using OS detected locale (en-GB).
[2019.02.13-12.14.54:056][  0]LogTextLocalizationManager: No specific localization for 'en-GB' exists, so the 'en' localization will be used.
[2019.02.13-12.14.54:672][  0]LogStreaming: Display: Took  0.719s to EndInitTextLocalization.
[2019.02.13-12.14.54:674][  0]LogInit: Setting process to per monitor DPI aware
[2019.02.13-12.14.54:845][  0]LogSlate: New Slate User Created.  User Index 0, Is Virtual User: 0
[2019.02.13-12.14.54:845][  0]LogSlate: Slate User Registered.  User Index 0, Is Virtual User: 0
[2019.02.13-12.14.57:682][  0]LogD3D11RHI: D3D11 adapters:
[2019.02.13-12.14.57:827][  0]LogD3D11RHI:    0. 'NVIDIA GeForce GTX 980 Ti' (Feature Level 11_0)
[2019.02.13-12.14.57:827][  0]LogD3D11RHI:       6097/0/16342 MB DedicatedVideo/DedicatedSystem/SharedSystem, Outputs:2, VendorId:0x10de
[2019.02.13-12.14.57:832][  0]LogD3D11RHI:    1. 'Microsoft Basic Render Driver' (Feature Level 11_0)
[2019.02.13-12.14.57:832][  0]LogD3D11RHI:       0/0/16342 MB DedicatedVideo/DedicatedSystem/SharedSystem, Outputs:0, VendorId:0x1414
[2019.02.13-12.14.57:832][  0]LogD3D11RHI: Chosen D3D11 Adapter: 0
[2019.02.13-12.14.57:840][  0]LogD3D11RHI: Creating new Direct3DDevice
[2019.02.13-12.14.57:841][  0]LogD3D11RHI:     GPU DeviceId: 0x17c8 (for the marketing name, search the web for "GPU Device Id")
[2019.02.13-12.14.57:841][  0]LogWindows: EnumDisplayDevices:
[2019.02.13-12.14.57:841][  0]LogWindows:    0. 'NVIDIA GeForce GTX 980 Ti' (P:0 D:1)
[2019.02.13-12.14.57:842][  0]LogWindows:    1. 'NVIDIA GeForce GTX 980 Ti' (P:1 D:1)
[2019.02.13-12.14.57:842][  0]LogWindows:    2. 'NVIDIA GeForce GTX 980 Ti' (P:0 D:0)
[2019.02.13-12.14.57:843][  0]LogWindows:    3. 'NVIDIA GeForce GTX 980 Ti' (P:0 D:0)
[2019.02.13-12.14.57:843][  0]LogWindows: DebugString: GetVideoDriverDetailsInvalid PrimaryIsNotTheChoosenAdapter GetVideoDriverDetailsInvalid PrimaryIsNotTheChoosenAdapter GetVideoDriverDetailsInvalid PrimaryIsNotTheChoosenAdapter GetVideoDriverDetailsInvalid PrimaryIsNotTheChoosenAdapter FoundDriverCount:0 
[2019.02.13-12.14.57:843][  0]LogD3D11RHI:     Adapter Name: NVIDIA GeForce GTX 980 Ti
[2019.02.13-12.14.57:843][  0]LogD3D11RHI:   Driver Version: Unknown (internal:Unknown, unified:Unknown)
[2019.02.13-12.14.57:843][  0]LogD3D11RHI:      Driver Date: Unknown
[2019.02.13-12.14.57:843][  0]LogRHI: Texture pool is 4268 MB (70% of 6097 MB)
[2019.02.13-12.14.57:896][  0]LogD3D11RHI: [Aftermath] Aftermath enabled and primed
[2019.02.13-12.14.57:896][  0]LogD3D11RHI: [Aftermath] Aftermath enabled and primed
[2019.02.13-12.14.57:896][  0]LogD3D11RHI: Async texture creation enabled
[2019.02.13-12.14.57:933][  0]LogD3D11RHI: GPU Timing Frequency: 1000.000000 (Debug: 2 2)
[2019.02.13-12.14.58:027][  0]LogShaderCompilers: Guid format shader working directory is 31 characters bigger than the processId version (D:/jman copy/jman/Intermediate/Shaders/WorkingDirectory/14628/).
[2019.02.13-12.14.58:028][  0]LogShaderCompilers: Cleaned the shader compiler working directory 'C:/Users/s6111848/AppData/Local/Temp/UnrealShaderWorkingDir/AA104C834B00472A91401DB9CF79BA0C/'.
[2019.02.13-12.14.58:984][  0]LogTemp: Display: Loaded TP AllDesktopTargetPlatform
[2019.02.13-12.14.59:002][  0]LogTemp: Display: Loaded TP MacClientTargetPlatform
[2019.02.13-12.14.59:019][  0]LogTemp: Display: Loaded TP MacNoEditorTargetPlatform
[2019.02.13-12.14.59:042][  0]LogTemp: Display: Loaded TP MacServerTargetPlatform
[2019.02.13-12.14.59:065][  0]LogTemp: Display: Loaded TP MacTargetPlatform
[2019.02.13-12.14.59:087][  0]LogTemp: Display: Loaded TP WindowsClientTargetPlatform
[2019.02.13-12.14.59:105][  0]LogTemp: Display: Loaded TP WindowsNoEditorTargetPlatform
[2019.02.13-12.14.59:123][  0]LogTemp: Display: Loaded TP WindowsServerTargetPlatform
[2019.02.13-12.14.59:135][  0]LogTemp: Display: Loaded TP WindowsTargetPlatform
[2019.02.13-12.14.59:151][  0]LogTemp: Display: Loaded TP Android_ASTCTargetPlatform
[2019.02.13-12.14.59:167][  0]LogTemp: Display: Loaded TP Android_ATCTargetPlatform
[2019.02.13-12.14.59:184][  0]LogTemp: Display: Loaded TP Android_DXTTargetPlatform
[2019.02.13-12.14.59:199][  0]LogTemp: Display: Loaded TP Android_ETC1aTargetPlatform
[2019.02.13-12.14.59:218][  0]LogTemp: Display: Loaded TP Android_ETC1TargetPlatform
[2019.02.13-12.14.59:233][  0]LogTemp: Display: Loaded TP Android_ETC2TargetPlatform
[2019.02.13-12.14.59:266][  0]LogTemp: Display: Loaded TP Android_MultiTargetPlatform
[2019.02.13-12.14.59:266][  0]LogTemp: Display: Loaded TP Android_PVRTCTargetPlatform
[2019.02.13-12.14.59:286][  0]LogTemp: Display: Loaded TP AndroidTargetPlatform
[2019.02.13-12.14.59:293][  0]LogTemp: Display: Loaded TP HTML5TargetPlatform
[2019.02.13-12.14.59:349][  0]LogTemp: Display: Loaded TP IOSTargetPlatform
[2019.02.13-12.14.59:369][  0]LogTemp: Display: Loaded TP TVOSTargetPlatform
[2019.02.13-12.14.59:387][  0]LogTemp: Display: Loaded TP LinuxClientTargetPlatform
[2019.02.13-12.14.59:403][  0]LogTemp: Display: Loaded TP LinuxNoEditorTargetPlatform
[2019.02.13-12.14.59:418][  0]LogTemp: Display: Loaded TP LinuxServerTargetPlatform
[2019.02.13-12.14.59:438][  0]LogTemp: Display: Loaded TP LinuxTargetPlatform
[2019.02.13-12.14.59:439][  0]LogTargetPlatformManager: Display: Building Assets For Windows
[2019.02.13-12.14.59:840][  0]LogXGEController: Cleaning working directory: C:/Users/s6111848/AppData/Local/Temp/UnrealXGEWorkingDir/
[2019.02.13-12.14.59:842][  0]LogXGEController: Cannot use XGE Controller as Incredibuild is not installed on this machine.
[2019.02.13-12.14.59:842][  0]LogShaderCompilers: Cannot use XGE Shader Compiler as Incredibuild is not installed on this machine.
[2019.02.13-12.14.59:843][  0]LogShaderCompilers: Display: Using Local Shader Compiler.
[2019.02.13-12.15.03:327][  0]LogDerivedDataCache: Display: Max Cache Size: 512 MB
[2019.02.13-12.15.04:192][  0]LogDerivedDataCache: Loaded boot cache 0.86s 74MB C:/Users/s6111848/AppData/Local/UnrealEngine/4.19/DerivedDataCache/Boot.ddc.
[2019.02.13-12.15.04:192][  0]LogDerivedDataCache: Display: Loaded Boot cache: C:/Users/s6111848/AppData/Local/UnrealEngine/4.19/DerivedDataCache/Boot.ddc
[2019.02.13-12.15.04:192][  0]LogDerivedDataCache: FDerivedDataBackendGraph:  Pak pak cache file D:/jman copy/jman/DerivedDataCache/DDC.ddp not found, will not use a pak cache.
[2019.02.13-12.15.04:192][  0]LogDerivedDataCache: Unable to find inner node Pak for hierarchical cache Hierarchy.
[2019.02.13-12.15.04:192][  0]LogDerivedDataCache: FDerivedDataBackendGraph:  CompressedPak pak cache file D:/jman copy/jman/DerivedDataCache/Compressed.ddp not found, will not use a pak cache.
[2019.02.13-12.15.04:192][  0]LogDerivedDataCache: Unable to find inner node CompressedPak for hierarchical cache Hierarchy.
[2019.02.13-12.15.04:259][  0]LogDerivedDataCache: Display: Pak cache opened for reading ../../../Engine/DerivedDataCache/Compressed.ddp.
[2019.02.13-12.15.04:275][  0]LogDerivedDataCache: Using Local data cache path C:/Users/s6111848/AppData/Local/UnrealEngine/Common/DerivedDataCache: Writable
[2019.02.13-12.15.04:275][  0]LogDerivedDataCache: Shared data cache path not found in *engine.ini, will not use an Shared cache.
[2019.02.13-12.15.04:275][  0]LogDerivedDataCache: Unable to find inner node Shared for hierarchical cache Hierarchy.
[2019.02.13-12.15.04:293][  0]LogMaterial: Verifying Global Shaders for PCD3D_SM5
[2019.02.13-12.15.04:298][  0]LogSlate: Using Freetype 2.6.0
[2019.02.13-12.15.04:332][  0]LogSlate: SlateFontCache - WITH_FREETYPE: 1, WITH_HARFBUZZ: 1
[2019.02.13-12.15.04:332][  0]LogSlate: SlateFontCache - WITH_FREETYPE: 1, WITH_HARFBUZZ: 1
[2019.02.13-12.15.05:442][  0]LogAssetRegistry: FAssetRegistry took 0.0314 seconds to start up
[2019.02.13-12.15.06:050][  0]LogInit: Selected Device Profile: [Windows]
[2019.02.13-12.15.06:629][  0]LogSimplygon: Simplygon DLL not present - disabling.
[2019.02.13-12.15.06:639][  0]LogMeshReduction: Using SimplygonSwarm for distributed automatic mesh merging
[2019.02.13-12.15.06:640][  0]LogMeshReduction: Using QuadricMeshReduction for automatic static mesh reduction
[2019.02.13-12.15.06:640][  0]LogMeshReduction: No automatic skeletal mesh reduction module available
[2019.02.13-12.15.06:640][  0]LogMeshReduction: No automatic mesh merging module available
[2019.02.13-12.15.06:640][  0]LogMeshMerging: No automatic mesh merging module available
[2019.02.13-12.15.06:848][  0]LogNetVersion: jman , NetCL: 3944462, EngineNetVer: 2, GameNetVer: 0 (Checksum: 1318075908)
[2019.02.13-12.15.09:120][  0]LogPackageLocalizationCache: Processed 9 localized package path(s) for 2 prioritized culture(s) in 0.128933 seconds
[2019.02.13-12.15.09:132][  0]LogUObjectArray: 36728 objects as part of root set at end of initial load.
[2019.02.13-12.15.09:132][  0]LogUObjectAllocator: 7314304 out of 0 bytes used by permanent object pool.
[2019.02.13-12.15.09:132][  0]LogUObjectArray: CloseDisregardForGC: 0/0 objects in disregard for GC pool
[2019.02.13-12.15.15:529][  0]LogTcpMessaging: Initializing TcpMessaging bridge
[2019.02.13-12.15.15:624][  0]LogUdpMessaging: Initializing bridge on interface 0.0.0.0:0 to multicast group 230.0.0.1:6666.
[2019.02.13-12.15.17:385][  0]SourceControl: Source control is disabled
[2019.02.13-12.15.17:386][  0]SourceControl: Source control is disabled
[2019.02.13-12.15.17:477][  0]SourceControl: Source control is disabled
[2019.02.13-12.15.17:543][  0]SourceControl: Source control is disabled
[2019.02.13-12.15.18:976][  0]LogAndroidPermission: UAndroidPermissionCallbackProxy::GetInstance
[2019.02.13-12.15.19:387][  0]LogOcInput: OculusInput pre-init called
[2019.02.13-12.15.19:775][  0]LogEngine: Initializing Engine...
[2019.02.13-12.15.19:790][  0]LogHMD: Failed to initialize OpenVR with code 110
[2019.02.13-12.15.19:794][  0]LogStats: UGameplayTagsManager::ConstructGameplayTagTree: Construct from data asset -  0.000 s
[2019.02.13-12.15.19:795][  0]LogStats: UGameplayTagsManager::ConstructGameplayTagTree: GameplayTagTreeChangedEvent.Broadcast -  0.000 s
[2019.02.13-12.15.20:513][  0]LogAIModule: Creating AISystem for world Untitled
[2019.02.13-12.15.20:546][  0]LogInit: XAudio2 using 'Speakers (Realtek High Definition Audio)' : 2 channels at 48 kHz using 32 bits per sample (channel mask 0x3)
[2019.02.13-12.15.20:692][  0]LogInit: FAudioDevice initialized.
[2019.02.13-12.15.20:782][  0]LogDerivedDataCache: Saved boot cache 0.09s 74MB C:/Users/s6111848/AppData/Local/UnrealEngine/4.19/DerivedDataCache/Boot.ddc.
[2019.02.13-12.15.20:797][  0]LogInit: Texture streaming: Enabled
[2019.02.13-12.15.20:846][  0]LogEngineSessionManager: EngineSessionManager initialized
[2019.02.13-12.15.20:899][  0]LogInit: Transaction tracking system initialized
[2019.02.13-12.15.21:001][  0]BlueprintLog: New page: Editor Load
[2019.02.13-12.15.21:291][  0]LocalizationService: Localization service is disabled
[2019.02.13-12.15.21:581][  0]LogConsoleResponse: Display: 
[2019.02.13-12.15.22:154][  0]LogFileCache: Scanning file cache for directory 'D:/jman copy/jman/Content/' took 0.01s
[2019.02.13-12.15.22:154][  0]LogCook: Display: Max memory allowance for cook 16384mb min free memory 0mb
[2019.02.13-12.15.22:154][  0]LogCook: Display: Mobile HDR setting 1
[2019.02.13-12.15.22:154][  0]LogGameplayTags: Display: UGameplayTagsManager::DoneAddingNativeTags. DelegateIsBound: 0
[2019.02.13-12.15.22:155][  0]LogStats: UGameplayTagsManager::ConstructGameplayTagTree: Construct from data asset -  0.000 s
[2019.02.13-12.15.22:155][  0]LogStats: UGameplayTagsManager::ConstructGameplayTagTree: GameplayTagTreeChangedEvent.Broadcast -  0.000 s
[2019.02.13-12.15.24:349][  0]SourceControl: Source control is disabled
[2019.02.13-12.15.24:351][  0]Cmd: MAP LOAD FILE="D:/jman copy/jman/Content/StarterContent/Maps/Minimal_Default.umap" TEMPLATE=0 SHOWPROGRESS=1 FEATURELEVEL=3
[2019.02.13-12.15.24:353][  0]LightingResults: New page: Lighting Build
[2019.02.13-12.15.24:364][  0]MapCheck: New page: Map Check
[2019.02.13-12.15.24:364][  0]LightingResults: New page: Lighting Build
[2019.02.13-12.15.24:839][  0]LogAIModule: Creating AISystem for world Minimal_Default
[2019.02.13-12.15.24:874][  0]LogEditorServer: Finished looking for orphan Actors (0.000 secs)
[2019.02.13-12.15.24:892][  0]Cmd: MAP CHECKDEP NOCLEARLOG
[2019.02.13-12.15.25:061][  0]MapCheck: Map check complete: 0 Error(s), 0 Warning(s), took 168.122ms to complete.
[2019.02.13-12.15.25:061][  0]LogFileHelpers: Loading map 'Minimal_Default' took 0.710
[2019.02.13-12.15.25:172][  0]LogWindowsTextInputMethodSystem: Display: IME system now deactivated.
[2019.02.13-12.15.25:173][  0]LogWindowsTextInputMethodSystem: Display: IME system now deactivated.
[2019.02.13-12.15.25:399][  0]LogCollectionManager: Loaded 0 collections in 0.005127 seconds
[2019.02.13-12.15.25:493][  0]LogFileCache: Scanning file cache for directory 'D:/jman copy/jman/Saved/Collections/' took 0.01s
[2019.02.13-12.15.25:494][  0]LogFileCache: Scanning file cache for directory 'D:/jman copy/jman/Content/Developers/s6111848/Collections/' took 0.01s
[2019.02.13-12.15.25:494][  0]LogFileCache: Scanning file cache for directory 'D:/jman copy/jman/Content/Collections/' took 0.01s
[2019.02.13-12.15.25:494][  0]LogCollectionManager: Rebuilt the GUID cache for 0 collections in 0.000001 seconds
[2019.02.13-12.15.25:507][  0]LogContentBrowser: Native class hierarchy populated in 0.0123 seconds. Added 2452 classes and 558 folders.
[2019.02.13-12.15.25:532][  0]LogContentBrowser: Native class hierarchy updated for 'WidgetCarousel' in 0.0002 seconds. Added 0 classes and 0 folders.
[2019.02.13-12.15.26:056][  0]LogContentBrowser: Native class hierarchy updated for 'AddContentDialog' in 0.0002 seconds. Added 0 classes and 0 folders.
[2019.02.13-12.15.26:071][  0]LogContentBrowser: Native class hierarchy updated for 'SceneOutliner' in 0.0003 seconds. Added 1 classes and 2 folders.
[2019.02.13-12.15.26:142][  0]LogSlate: Took 0.007717 seconds to synchronously load lazily loaded font '../../../Engine/Content/Slate/Fonts/Roboto-Regular.ttf' (155K)
[2019.02.13-12.15.26:153][  0]LogSlate: Took 0.007791 seconds to synchronously load lazily loaded font '../../../Engine/Content/Slate/Fonts/Roboto-Bold.ttf' (160K)
[2019.02.13-12.15.26:164][  0]LogSlate: Took 0.005081 seconds to synchronously load lazily loaded font '../../../Engine/Content/Editor/Slate/Fonts/FontAwesome.ttf' (139K)
[2019.02.13-12.15.26:344][  0]LogRenderer: Reallocating scene render targets to support 1208x652 Format 10 NumSamples 1 (Frame:1).
[2019.02.13-12.15.26:519][  0]LogContentBrowser: Native class hierarchy updated for 'HierarchicalLODOutliner' in 0.0003 seconds. Added 0 classes and 0 folders.
[2019.02.13-12.15.26:519][  0]LogLoad: (Engine Initialization) Total time: 42.55 seconds
[2019.02.13-12.15.26:519][  0]LogLoad: (Engine Initialization) Total Blueprint compile time: 0.00 seconds
[2019.02.13-12.15.26:546][  0]LogContentStreaming: Texture pool size now 1000 MB
[2019.02.13-12.15.26:585][  0]LogSlate: Took 0.005867 seconds to synchronously load lazily loaded font '../../../Engine/Content/Slate/Fonts/Roboto-Light.ttf' (167K)
[2019.02.13-12.15.26:730][  1]LogAssetRegistry: Asset discovery search completed in 21.3132 seconds
[2019.02.13-12.15.26:732][  1]LogCollectionManager: Rebuilt the object cache for 0 collections in 0.000000 seconds (found 0 objects)
[2019.02.13-12.15.26:732][  1]LogCollectionManager: Fixed up redirectors for 0 collections in 0.000046 seconds (updated 0 objects)
[2019.02.13-12.20.01:444][779]LogSlate: FSceneViewport::OnFocusLost() reason 0
[2019.02.13-12.20.05:571][132]LogSlate: Window 'New Level' being destroyed
[2019.02.13-12.20.05:584][132]Cmd: MAP LOAD FILE="../../../Engine/Content/Maps/Templates/Template_Default.umap" TEMPLATE=1 SHOWPROGRESS=1 FEATURELEVEL=3
[2019.02.13-12.20.05:603][132]LogSlate: Took 0.000356 seconds to synchronously load lazily loaded font '../../../Engine/Content/Slate/Fonts/Roboto-Light.ttf' (167K)
[2019.02.13-12.20.05:617][132]LightingResults: New page: Lighting Build
[2019.02.13-12.20.05:618][132]LoadErrors: New page: Loading map: Template_Default.umap
[2019.02.13-12.20.05:620][132]MapCheck: New page: Map Check
[2019.02.13-12.20.05:620][132]LightingResults: New page: Lighting Build
[2019.02.13-12.20.05:712][132]LogAIModule: Creating AISystem for world Untitled_1
[2019.02.13-12.20.05:725][132]LogEditorServer: Finished looking for orphan Actors (0.000 secs)
[2019.02.13-12.20.05:756][132]Cmd: MAP CHECKDEP NOCLEARLOG
[2019.02.13-12.20.06:007][132]MapCheck: Map check complete: 0 Error(s), 0 Warning(s), took 250.351ms to complete.
[2019.02.13-12.20.06:007][132]LogFileHelpers: Loading map 'Template_Default' took 0.424
[2019.02.13-12.23.29:023][ 58]LogSlate: FSceneViewport::OnFocusLost() reason 0
[2019.02.13-12.23.53:441][ 58]LogFactory: FactoryCreateFile: StaticMesh with FbxFactory (0 0 ../../../../../../Users/s6111848/Downloads/Rocks/SM_CT_LargeRock01.fbx)
[2019.02.13-12.23.53:485][ 58]LogFbx: ItemName: GlobalSettings, ItemCount : 1
[2019.02.13-12.23.53:485][ 58]LogFbx: ItemName: AnimationStack, ItemCount : 1
[2019.02.13-12.23.53:485][ 58]LogFbx: ItemName: AnimationLayer, ItemCount : 1
[2019.02.13-12.23.53:486][ 58]LogFbx: ItemName: NodeAttribute, ItemCount : 1
[2019.02.13-12.23.53:486][ 58]LogFbx: ItemName: Model, ItemCount : 2
[2019.02.13-12.23.53:486][ 58]LogFbx: ItemName: Geometry, ItemCount : 1
[2019.02.13-12.23.53:486][ 58]LogFbx: ItemName: Material, ItemCount : 1
[2019.02.13-12.23.53:497][ 58]LogFbx: Loading FBX Scene from ../../../../../../Users/s6111848/Downloads/Rocks/SM_CT_LargeRock01.fbx
[2019.02.13-12.23.53:523][ 58]LogFbx: FBX Scene Loaded Succesfully
[2019.02.13-12.23.54:659][ 58]LogSlate: Window 'FBX Import Options' being destroyed
[2019.02.13-12.23.54:710][ 58]LogFbx: Loading FBX Scene from ../../../../../../Users/s6111848/Downloads/Rocks/SM_CT_LargeRock01.fbx
[2019.02.13-12.23.54:717][ 58]LogFbx: FBX Scene Loaded Succesfully
[2019.02.13-12.23.54:734][ 58]LogMaterial: Missing cached shader map for material lambert1, compiling. 
[2019.02.13-12.23.54:768][ 58]LogFbx: Warning: Triangulating static mesh Rock01_LP
[2019.02.13-12.23.54:778][ 58]LogShaderCompilers: Display: Shaders left to compile 22
[2019.02.13-12.23.54:778][ 58]LogShaderCompilers: Display: Shaders left to compile 12
[2019.02.13-12.23.54:778][ 58]LogShaderCompilers: Display: Shaders left to compile 2
[2019.02.13-12.23.54:779][ 58]LogStaticMesh: Building static mesh SM_CT_LargeRock01...
[2019.02.13-12.23.54:786][ 58]LogStaticMesh: Built static mesh [0.01s] /Game/SM_CT_LargeRock01.SM_CT_LargeRock01
[2019.02.13-12.23.54:839][ 58]LogFactory: FactoryCreateFile: StaticMesh with FbxFactory (0 0 ../../../../../../Users/s6111848/Downloads/Rocks/SM_CT_LargeRock02.fbx)
[2019.02.13-12.23.54:987][ 58]LogFbx: Loading FBX Scene from ../../../../../../Users/s6111848/Downloads/Rocks/SM_CT_LargeRock02.fbx
[2019.02.13-12.23.55:003][ 58]LogFbx: FBX Scene Loaded Succesfully
[2019.02.13-12.23.55:013][ 58]LogMaterial: Missing cached shader map for material lambert2, compiling. 
[2019.02.13-12.23.55:025][ 58]LogFbx: Warning: Triangulating static mesh Rock02_LP
[2019.02.13-12.23.55:033][ 58]LogStaticMesh: Building static mesh SM_CT_LargeRock02...
[2019.02.13-12.23.55:038][ 58]LogStaticMesh: Built static mesh [0.01s] /Game/SM_CT_LargeRock02.SM_CT_LargeRock02
[2019.02.13-12.23.55:078][ 58]LogFactory: FactoryCreateFile: StaticMesh with FbxFactory (0 0 ../../../../../../Users/s6111848/Downloads/Rocks/SM_CT_LargeRock03.fbx)
[2019.02.13-12.23.55:174][ 58]LogFbx: Loading FBX Scene from ../../../../../../Users/s6111848/Downloads/Rocks/SM_CT_LargeRock03.fbx
[2019.02.13-12.23.55:182][ 58]LogFbx: FBX Scene Loaded Succesfully
[2019.02.13-12.23.55:188][ 58]LogMaterial: Missing cached shader map for material lambert3, compiling. 
[2019.02.13-12.23.55:197][ 58]LogFbx: Warning: Triangulating static mesh Rock03_LP
[2019.02.13-12.23.55:201][ 58]LogStaticMesh: Building static mesh SM_CT_LargeRock03...
[2019.02.13-12.23.55:203][ 58]LogStaticMesh: Built static mesh [0.00s] /Game/SM_CT_LargeRock03.SM_CT_LargeRock03
[2019.02.13-12.23.55:206][ 58]LogStaticMesh: Warning: SM_CT_LargeRock03 has degenerate tangent bases which will result in incorrect shading.  MikkTSpace relies on tangent bases and may result in mesh corruption, consider disabling this option.
[2019.02.13-12.23.55:206][ 58]LogStaticMesh: Warning: SM_CT_LargeRock03 has some nearly zero bi-normals which can create some issues. (Tolerance of 1E-4)
[2019.02.13-12.23.55:221][ 58]FBXImport: Warning: SM_CT_LargeRock03 has degenerate tangent bases which will result in incorrect shading.  MikkTSpace relies on tangent bases and may result in mesh corruption, consider disabling this option. 
[2019.02.13-12.23.55:221][ 58]FBXImport: Warning: SM_CT_LargeRock03 has some nearly zero bi-normals which can create some issues. (Tolerance of 1E-4) 
[2019.02.13-12.23.55:262][ 58]LogFactory: FactoryCreateFile: StaticMesh with FbxFactory (0 0 ../../../../../../Users/s6111848/Downloads/Rocks/SM_CT_LargeRock04.fbx)
[2019.02.13-12.23.55:314][ 58]LogFbx: Loading FBX Scene from ../../../../../../Users/s6111848/Downloads/Rocks/SM_CT_LargeRock04.fbx
[2019.02.13-12.23.55:321][ 58]LogFbx: FBX Scene Loaded Succesfully
[2019.02.13-12.23.55:327][ 58]LogMaterial: Missing cached shader map for material lambert4, compiling. 
[2019.02.13-12.23.55:336][ 58]LogFbx: Warning: Triangulating static mesh Rock04_LP
[2019.02.13-12.23.55:340][ 58]LogStaticMesh: Building static mesh SM_CT_LargeRock04...
[2019.02.13-12.23.55:347][ 58]LogStaticMesh: Built static mesh [0.01s] /Game/SM_CT_LargeRock04.SM_CT_LargeRock04
[2019.02.13-12.23.55:374][ 58]LogFactory: FactoryCreateFile: StaticMesh with FbxFactory (0 0 ../../../../../../Users/s6111848/Downloads/Rocks/SM_CT_SmallRock01.fbx)
[2019.02.13-12.23.55:476][ 58]LogFbx: Loading FBX Scene from ../../../../../../Users/s6111848/Downloads/Rocks/SM_CT_SmallRock01.fbx
[2019.02.13-12.23.55:487][ 58]LogFbx: FBX Scene Loaded Succesfully
[2019.02.13-12.23.55:492][ 58]LogShaderCompilers: Display: Shaders left to compile 66
[2019.02.13-12.23.55:492][ 58]LogShaderCompilers: Display: Shaders left to compile 56
[2019.02.13-12.23.55:492][ 58]LogShaderCompilers: Display: Shaders left to compile 46
[2019.02.13-12.23.55:492][ 58]LogShaderCompilers: Display: Shaders left to compile 36
[2019.02.13-12.23.55:492][ 58]LogShaderCompilers: Display: Shaders left to compile 26
[2019.02.13-12.23.55:492][ 58]LogMaterial: Missing cached shader map for material lambert5, compiling. 
[2019.02.13-12.23.55:501][ 58]LogFbx: Warning: Triangulating static mesh Rock01_LP
[2019.02.13-12.23.55:509][ 58]LogStaticMesh: Building static mesh SM_CT_SmallRock01...
[2019.02.13-12.23.55:510][ 58]LogStaticMesh: Built static mesh [0.00s] /Game/SM_CT_SmallRock01.SM_CT_SmallRock01
[2019.02.13-12.23.55:548][ 58]LogFactory: FactoryCreateFile: StaticMesh with FbxFactory (0 0 ../../../../../../Users/s6111848/Downloads/Rocks/SM_CT_SmallRock02.fbx)
[2019.02.13-12.23.55:646][ 58]LogFbx: Loading FBX Scene from ../../../../../../Users/s6111848/Downloads/Rocks/SM_CT_SmallRock02.fbx
[2019.02.13-12.23.55:656][ 58]LogFbx: FBX Scene Loaded Succesfully
[2019.02.13-12.23.55:664][ 58]LogMaterial: Missing cached shader map for material lambert6, compiling. 
[2019.02.13-12.23.55:672][ 58]LogFbx: Warning: Triangulating static mesh Rock02_LP
[2019.02.13-12.23.55:681][ 58]LogStaticMesh: Building static mesh SM_CT_SmallRock02...
[2019.02.13-12.23.55:682][ 58]LogStaticMesh: Built static mesh [0.00s] /Game/SM_CT_SmallRock02.SM_CT_SmallRock02
[2019.02.13-12.23.55:717][ 58]LogFactory: FactoryCreateFile: StaticMesh with FbxFactory (0 0 ../../../../../../Users/s6111848/Downloads/Rocks/SM_CT_SmallRock03.fbx)
[2019.02.13-12.23.55:815][ 58]LogFbx: Loading FBX Scene from ../../../../../../Users/s6111848/Downloads/Rocks/SM_CT_SmallRock03.fbx
[2019.02.13-12.23.55:826][ 58]LogFbx: FBX Scene Loaded Succesfully
[2019.02.13-12.23.55:833][ 58]LogMaterial: Missing cached shader map for material lambert7, compiling. 
[2019.02.13-12.23.55:842][ 58]LogFbx: Warning: Triangulating static mesh Rock03_LP
[2019.02.13-12.23.55:845][ 58]LogStaticMesh: Building static mesh SM_CT_SmallRock03...
[2019.02.13-12.23.55:846][ 58]LogStaticMesh: Built static mesh [0.00s] /Game/SM_CT_SmallRock03.SM_CT_SmallRock03
[2019.02.13-12.23.58:165][294]LogSlate: Window 'Message Log' being destroyed
[2019.02.13-12.23.58:172][294]LogSlate: Window 'Message Log' being destroyed
[2019.02.13-12.24.00:331][545]LogShaderCompilers: Display: Shaders left to compile 82
[2019.02.13-12.24.02:589][736]LogShaderCompilers: Display: Shaders left to compile 72
[2019.02.13-12.24.03:328][804]LogShaderCompilers: Display: Shaders left to compile 62
[2019.02.13-12.24.03:421][813]LogShaderCompilers: Display: Shaders left to compile 52
[2019.02.13-12.24.03:946][865]LogShaderCompilers: Display: Shaders left to compile 42
[2019.02.13-12.24.04:285][900]LogShaderCompilers: Display: Shaders left to compile 32
[2019.02.13-12.24.04:336][905]LogShaderCompilers: Display: Shaders left to compile 22
[2019.02.13-12.24.04:602][931]LogShaderCompilers: Display: Shaders left to compile 12
[2019.02.13-12.24.04:673][938]LogShaderCompilers: Display: Shaders left to compile 2
[2019.02.13-12.24.45:596][922]LogFactory: FactoryCreateFile: StaticMesh with FbxFactory (0 0 ../../../../../../Users/s6111848/Downloads/SM_AL_Brick_Wall_Blockout.fbx)
[2019.02.13-12.24.45:613][922]LogFbx: ItemName: GlobalSettings, ItemCount : 1
[2019.02.13-12.24.45:613][922]LogFbx: ItemName: AnimationStack, ItemCount : 1
[2019.02.13-12.24.45:613][922]LogFbx: ItemName: AnimationLayer, ItemCount : 1
[2019.02.13-12.24.45:613][922]LogFbx: ItemName: Geometry, ItemCount : 1
[2019.02.13-12.24.45:613][922]LogFbx: ItemName: Material, ItemCount : 1
[2019.02.13-12.24.45:613][922]LogFbx: ItemName: Model, ItemCount : 1
[2019.02.13-12.24.45:621][922]LogFbx: Loading FBX Scene from ../../../../../../Users/s6111848/Downloads/SM_AL_Brick_Wall_Blockout.fbx
[2019.02.13-12.24.45:629][922]LogFbx: FBX Scene Loaded Succesfully
[2019.02.13-12.24.46:695][922]LogSlate: Window 'FBX Import Options' being destroyed
[2019.02.13-12.24.46:733][922]LogFbx: Loading FBX Scene from ../../../../../../Users/s6111848/Downloads/SM_AL_Brick_Wall_Blockout.fbx
[2019.02.13-12.24.46:740][922]LogFbx: FBX Scene Loaded Succesfully
[2019.02.13-12.24.46:745][922]LogMaterial: Missing cached shader map for material lambert8, compiling. 
[2019.02.13-12.24.46:756][922]LogFbx: Warning: Triangulating static mesh SM_Brick_Wall_Blockout
[2019.02.13-12.24.46:825][922]LogShaderCompilers: Display: Shaders left to compile 22
[2019.02.13-12.24.46:825][922]LogShaderCompilers: Display: Shaders left to compile 12
[2019.02.13-12.24.46:825][922]LogShaderCompilers: Display: Shaders left to compile 2
[2019.02.13-12.24.46:826][922]LogStaticMesh: Building static mesh SM_AL_Brick_Wall_Blockout...
[2019.02.13-12.24.46:901][922]LogStaticMesh: Built static mesh [0.08s] /Game/SM_AL_Brick_Wall_Blockout.SM_AL_Brick_Wall_Blockout
[2019.02.13-12.24.46:950][922]LogFactory: FactoryCreateFile: StaticMesh with FbxFactory (0 0 ../../../../../../Users/s6111848/Downloads/SM_AL_Stone_Wall_Blockout.fbx)
[2019.02.13-12.24.47:069][922]LogFbx: Loading FBX Scene from ../../../../../../Users/s6111848/Downloads/SM_AL_Stone_Wall_Blockout.fbx
[2019.02.13-12.24.47:081][922]LogFbx: FBX Scene Loaded Succesfully
[2019.02.13-12.24.47:090][922]LogMaterial: Missing cached shader map for material lambert9, compiling. 
[2019.02.13-12.24.47:099][922]LogFbx: Warning: Triangulating static mesh SM_AL_Stone_Wall
[2019.02.13-12.24.47:110][922]LogShaderCompilers: Display: Shaders left to compile 22
[2019.02.13-12.24.47:110][922]LogShaderCompilers: Display: Shaders left to compile 12
[2019.02.13-12.24.47:110][922]LogShaderCompilers: Display: Shaders left to compile 2
[2019.02.13-12.24.47:113][922]LogStaticMesh: Building static mesh SM_AL_Stone_Wall_Blockout...
[2019.02.13-12.24.47:124][922]LogStaticMesh: Built static mesh [0.01s] /Game/SM_AL_Stone_Wall_Blockout.SM_AL_Stone_Wall_Blockout
[2019.02.13-12.25.04:385][721]Cmd: OBJ SAVEPACKAGE PACKAGE="/Game/rocks/Fbx_Default_Material" FILE="D:/jman copy/jman/Content/rocks/Fbx_Default_Material.uasset" SILENT=true
[2019.02.13-12.25.04:412][721]LogSavePackage: Save=23.24ms
[2019.02.13-12.25.04:412][721]LogSavePackage: Moving 'D:/jman copy/jman/Saved/Fbx_Default_Material529A6AEB4957562969F1469B6C6635E7.tmp' to 'D:/jman copy/jman/Content/rocks/Fbx_Default_Material.uasset'
[2019.02.13-12.25.04:422][721]LogSavePackage: Display: Finished SavePackage D:/jman copy/jman/Content/rocks/Fbx_Default_Material.uasset
[2019.02.13-12.25.04:459][721]Cmd: OBJ SAVEPACKAGE PACKAGE="/Game/rocks/lambert1" FILE="D:/jman copy/jman/Content/rocks/lambert1.uasset" SILENT=true
[2019.02.13-12.25.04:500][721]LogSavePackage: Save=38.15ms
[2019.02.13-12.25.04:500][721]LogSavePackage: Moving 'D:/jman copy/jman/Saved/lambert161FE28734F715499DDF6049809121FF4.tmp' to 'D:/jman copy/jman/Content/rocks/lambert1.uasset'
[2019.02.13-12.25.04:505][721]LogSavePackage: Display: Finished SavePackage D:/jman copy/jman/Content/rocks/lambert1.uasset
[2019.02.13-12.25.04:542][721]Cmd: OBJ SAVEPACKAGE PACKAGE="/Game/rocks/lambert2" FILE="D:/jman copy/jman/Content/rocks/lambert2.uasset" SILENT=true
[2019.02.13-12.25.04:581][721]LogSavePackage: Save=36.12ms
[2019.02.13-12.25.04:581][721]LogSavePackage: Moving 'D:/jman copy/jman/Saved/lambert2840211394E95E6074E6FC18425402109.tmp' to 'D:/jman copy/jman/Content/rocks/lambert2.uasset'
[2019.02.13-12.25.04:586][721]LogSavePackage: Display: Finished SavePackage D:/jman copy/jman/Content/rocks/lambert2.uasset
[2019.02.13-12.25.04:622][721]Cmd: OBJ SAVEPACKAGE PACKAGE="/Game/rocks/lambert3" FILE="D:/jman copy/jman/Content/rocks/lambert3.uasset" SILENT=true
[2019.02.13-12.25.04:652][721]LogSavePackage: Save=25.93ms
[2019.02.13-12.25.04:652][721]LogSavePackage: Moving 'D:/jman copy/jman/Saved/lambert33500B7F54193343F257460982A35020F.tmp' to 'D:/jman copy/jman/Content/rocks/lambert3.uasset'
[2019.02.13-12.25.04:656][721]LogSavePackage: Display: Finished SavePackage D:/jman copy/jman/Content/rocks/lambert3.uasset
[2019.02.13-12.25.04:680][721]Cmd: OBJ SAVEPACKAGE PACKAGE="/Game/rocks/lambert4" FILE="D:/jman copy/jman/Content/rocks/lambert4.uasset" SILENT=true
[2019.02.13-12.25.04:708][721]LogSavePackage: Save=24.68ms
[2019.02.13-12.25.04:708][721]LogSavePackage: Moving 'D:/jman copy/jman/Saved/lambert4DEB73EBD4E93DE4B246216BFF0B3448A.tmp' to 'D:/jman copy/jman/Content/rocks/lambert4.uasset'
[2019.02.13-12.25.04:713][721]LogSavePackage: Display: Finished SavePackage D:/jman copy/jman/Content/rocks/lambert4.uasset
[2019.02.13-12.25.04:736][721]Cmd: OBJ SAVEPACKAGE PACKAGE="/Game/rocks/lambert5" FILE="D:/jman copy/jman/Content/rocks/lambert5.uasset" SILENT=true
[2019.02.13-12.25.04:776][721]LogSavePackage: Save=35.24ms
[2019.02.13-12.25.04:777][721]LogSavePackage: Moving 'D:/jman copy/jman/Saved/lambert55DF2056147BFDE7DD14595A07CA4EB51.tmp' to 'D:/jman copy/jman/Content/rocks/lambert5.uasset'
[2019.02.13-12.25.04:782][721]LogSavePackage: Display: Finished SavePackage D:/jman copy/jman/Content/rocks/lambert5.uasset
[2019.02.13-12.25.04:818][721]Cmd: OBJ SAVEPACKAGE PACKAGE="/Game/rocks/lambert6" FILE="D:/jman copy/jman/Content/rocks/lambert6.uasset" SILENT=true
[2019.02.13-12.25.04:861][721]LogSavePackage: Save=38.07ms
[2019.02.13-12.25.04:861][721]LogSavePackage: Moving 'D:/jman copy/jman/Saved/lambert61460E86E413C281CB52D05BE22573152.tmp' to 'D:/jman copy/jman/Content/rocks/lambert6.uasset'
[2019.02.13-12.25.04:865][721]LogSavePackage: Display: Finished SavePackage D:/jman copy/jman/Content/rocks/lambert6.uasset
[2019.02.13-12.25.04:901][721]Cmd: OBJ SAVEPACKAGE PACKAGE="/Game/rocks/lambert7" FILE="D:/jman copy/jman/Content/rocks/lambert7.uasset" SILENT=true
[2019.02.13-12.25.04:932][721]LogSavePackage: Save=26.84ms
[2019.02.13-12.25.04:932][721]LogSavePackage: Moving 'D:/jman copy/jman/Saved/lambert7FF92BEFB4472CB12A1381991B3CED4D9.tmp' to 'D:/jman copy/jman/Content/rocks/lambert7.uasset'
[2019.02.13-12.25.04:937][721]LogSavePackage: Display: Finished SavePackage D:/jman copy/jman/Content/rocks/lambert7.uasset
[2019.02.13-12.25.04:970][721]Cmd: OBJ SAVEPACKAGE PACKAGE="/Game/rocks/lambert8" FILE="D:/jman copy/jman/Content/rocks/lambert8.uasset" SILENT=true
[2019.02.13-12.25.05:012][721]LogSavePackage: Save=37.32ms
[2019.02.13-12.25.05:012][721]LogSavePackage: Moving 'D:/jman copy/jman/Saved/lambert8B5D06B164324F9DADEA25FAED4723D46.tmp' to 'D:/jman copy/jman/Content/rocks/lambert8.uasset'
[2019.02.13-12.25.05:016][721]LogSavePackage: Display: Finished SavePackage D:/jman copy/jman/Content/rocks/lambert8.uasset
[2019.02.13-12.25.05:054][721]Cmd: OBJ SAVEPACKAGE PACKAGE="/Game/rocks/lambert9" FILE="D:/jman copy/jman/Content/rocks/lambert9.uasset" SILENT=true
[2019.02.13-12.25.05:096][721]LogSavePackage: Save=38.21ms
[2019.02.13-12.25.05:097][721]LogSavePackage: Moving 'D:/jman copy/jman/Saved/lambert9BA932F8B4A08F913FCAFC79A392F3589.tmp' to 'D:/jman copy/jman/Content/rocks/lambert9.uasset'
[2019.02.13-12.25.05:101][721]LogSavePackage: Display: Finished SavePackage D:/jman copy/jman/Content/rocks/lambert9.uasset
[2019.02.13-12.25.05:139][721]Cmd: OBJ SAVEPACKAGE PACKAGE="/Game/rocks/SM_CT_LargeRock01" FILE="D:/jman copy/jman/Content/rocks/SM_CT_LargeRock01.uasset" SILENT=true
[2019.02.13-12.25.05:173][721]LogSavePackage: Save=30.21ms
[2019.02.13-12.25.05:174][721]LogSavePackage: Moving 'D:/jman copy/jman/Saved/SM_CT_LargeRock01BEC06D2A4596E0D16E9D73A579DB4766.tmp' to 'D:/jman copy/jman/Content/rocks/SM_CT_LargeRock01.uasset'
[2019.02.13-12.25.05:179][721]LogSavePackage: Display: Finished SavePackage D:/jman copy/jman/Content/rocks/SM_CT_LargeRock01.uasset
[2019.02.13-12.25.05:215][721]Cmd: OBJ SAVEPACKAGE PACKAGE="/Game/rocks/SM_CT_LargeRock02" FILE="D:/jman copy/jman/Content/rocks/SM_CT_LargeRock02.uasset" SILENT=true
[2019.02.13-12.25.05:259][721]LogSavePackage: Save=39.70ms
[2019.02.13-12.25.05:260][721]LogSavePackage: Moving 'D:/jman copy/jman/Saved/SM_CT_LargeRock02734D943B4C35CDC299EB599EA14DFA56.tmp' to 'D:/jman copy/jman/Content/rocks/SM_CT_LargeRock02.uasset'
[2019.02.13-12.25.05:265][721]LogSavePackage: Display: Finished SavePackage D:/jman copy/jman/Content/rocks/SM_CT_LargeRock02.uasset
[2019.02.13-12.25.05:300][721]Cmd: OBJ SAVEPACKAGE PACKAGE="/Game/rocks/SM_CT_LargeRock03" FILE="D:/jman copy/jman/Content/rocks/SM_CT_LargeRock03.uasset" SILENT=true
[2019.02.13-12.25.05:345][721]LogSavePackage: Save=41.46ms
[2019.02.13-12.25.05:345][721]LogSavePackage: Moving 'D:/jman copy/jman/Saved/SM_CT_LargeRock03D332457543F0420F70DB519446FD3B05.tmp' to 'D:/jman copy/jman/Content/rocks/SM_CT_LargeRock03.uasset'
[2019.02.13-12.25.05:350][721]LogSavePackage: Display: Finished SavePackage D:/jman copy/jman/Content/rocks/SM_CT_LargeRock03.uasset
[2019.02.13-12.25.05:386][721]Cmd: OBJ SAVEPACKAGE PACKAGE="/Game/rocks/SM_CT_LargeRock04" FILE="D:/jman copy/jman/Content/rocks/SM_CT_LargeRock04.uasset" SILENT=true
[2019.02.13-12.25.05:430][721]LogSavePackage: Save=40.42ms
[2019.02.13-12.25.05:430][721]LogSavePackage: Moving 'D:/jman copy/jman/Saved/SM_CT_LargeRock04EDC33BBB42DA3A759687DC928CF1CF4D.tmp' to 'D:/jman copy/jman/Content/rocks/SM_CT_LargeRock04.uasset'
[2019.02.13-12.25.05:436][721]LogSavePackage: Display: Finished SavePackage D:/jman copy/jman/Content/rocks/SM_CT_LargeRock04.uasset
[2019.02.13-12.25.05:473][721]Cmd: OBJ SAVEPACKAGE PACKAGE="/Game/rocks/SM_CT_SmallRock01" FILE="D:/jman copy/jman/Content/rocks/SM_CT_SmallRock01.uasset" SILENT=true
[2019.02.13-12.25.05:520][721]LogSavePackage: Save=42.43ms
[2019.02.13-12.25.05:520][721]LogSavePackage: Moving 'D:/jman copy/jman/Saved/SM_CT_SmallRock018C9271D049E4FB0BEE5B17BA6810D25E.tmp' to 'D:/jman copy/jman/Content/rocks/SM_CT_SmallRock01.uasset'
[2019.02.13-12.25.05:525][721]LogSavePackage: Display: Finished SavePackage D:/jman copy/jman/Content/rocks/SM_CT_SmallRock01.uasset
[2019.02.13-12.25.05:559][721]Cmd: OBJ SAVEPACKAGE PACKAGE="/Game/rocks/SM_CT_SmallRock02" FILE="D:/jman copy/jman/Content/rocks/SM_CT_SmallRock02.uasset" SILENT=true
[2019.02.13-12.25.05:587][721]LogSavePackage: Save=24.56ms
[2019.02.13-12.25.05:587][721]LogSavePackage: Moving 'D:/jman copy/jman/Saved/SM_CT_SmallRock02F9582F5E413DCFC15958E38151026B4C.tmp' to 'D:/jman copy/jman/Content/rocks/SM_CT_SmallRock02.uasset'
[2019.02.13-12.25.05:592][721]LogSavePackage: Display: Finished SavePackage D:/jman copy/jman/Content/rocks/SM_CT_SmallRock02.uasset
[2019.02.13-12.25.05:628][721]Cmd: OBJ SAVEPACKAGE PACKAGE="/Game/rocks/SM_CT_SmallRock03" FILE="D:/jman copy/jman/Content/rocks/SM_CT_SmallRock03.uasset" SILENT=true
[2019.02.13-12.25.05:651][721]LogSavePackage: Save=17.99ms
[2019.02.13-12.25.05:651][721]LogSavePackage: Moving 'D:/jman copy/jman/Saved/SM_CT_SmallRock03228A5CC240B134BDA4C5D0BEB2F1B2F6.tmp' to 'D:/jman copy/jman/Content/rocks/SM_CT_SmallRock03.uasset'
[2019.02.13-12.25.05:655][721]LogSavePackage: Display: Finished SavePackage D:/jman copy/jman/Content/rocks/SM_CT_SmallRock03.uasset
[2019.02.13-12.25.06:571][721]Cmd: OBJ SAVEPACKAGE PACKAGE="/Game/poster" FILE="D:/jman copy/jman/Content/poster.uasset" SILENT=true
[2019.02.13-12.25.06:596][721]LogSavePackage: Save=18.46ms
[2019.02.13-12.25.06:596][721]LogSavePackage: Moving 'D:/jman copy/jman/Saved/poster3DE3964B4D25BE46FDBB03BB774C8112.tmp' to 'D:/jman copy/jman/Content/poster.uasset'
[2019.02.13-12.25.06:599][721]LogSavePackage: Display: Finished SavePackage D:/jman copy/jman/Content/poster.uasset
[2019.02.13-12.25.09:980][103]LogEditorViewport: Clicking on Actor (LMB): StaticMeshActor (Floor)
[2019.02.13-12.29.49:903][834]LogSlate: FSceneViewport::OnFocusLost() reason 0
[2019.02.13-12.32.26:047][167]LogFileHelpers: Editor autosave (incl. sublevels) for '/Temp/Untitled_1' took 0.016
[2019.02.13-12.32.26:049][167]OBJ SavePackage: Generating thumbnails for [1] asset(s) in package [/Game/SM_AL_Brick_Wall_Blockout] ([1] browsable assets)...
[2019.02.13-12.32.26:077][167]OBJ SavePackage:     Rendered thumbnail for [StaticMesh /Game/SM_AL_Brick_Wall_Blockout.SM_AL_Brick_Wall_Blockout]
[2019.02.13-12.32.26:077][167]OBJ SavePackage: Finished generating thumbnails for package [/Game/SM_AL_Brick_Wall_Blockout]
[2019.02.13-12.32.26:078][167]Cmd: OBJ SAVEPACKAGE PACKAGE="/Game/SM_AL_Brick_Wall_Blockout" FILE="D:/jman copy/jman/Saved/Autosaves/Game/SM_AL_Brick_Wall_Blockout_Auto1.uasset" SILENT=false AUTOSAVING=true
[2019.02.13-12.32.26:118][167]LogSavePackage: Save=36.68ms
[2019.02.13-12.32.26:118][167]LogSavePackage: Moving 'D:/jman copy/jman/Saved/SM_AL_Brick_Wall_Blockout_Auto186E000F248642304056D74B2A6592750.tmp' to 'D:/jman copy/jman/Saved/Autosaves/Game/SM_AL_Brick_Wall_Blockout_Auto1.uasset'
[2019.02.13-12.32.26:121][167]LogSavePackage: Display: Finished SavePackage D:/jman copy/jman/Saved/Autosaves/Game/SM_AL_Brick_Wall_Blockout_Auto1.uasset
[2019.02.13-12.32.26:121][167]OBJ SavePackage: Generating thumbnails for [1] asset(s) in package [/Game/SM_AL_Stone_Wall_Blockout] ([1] browsable assets)...
[2019.02.13-12.32.26:150][167]OBJ SavePackage:     Rendered thumbnail for [StaticMesh /Game/SM_AL_Stone_Wall_Blockout.SM_AL_Stone_Wall_Blockout]
[2019.02.13-12.32.26:150][167]OBJ SavePackage: Finished generating thumbnails for package [/Game/SM_AL_Stone_Wall_Blockout]
[2019.02.13-12.32.26:150][167]Cmd: OBJ SAVEPACKAGE PACKAGE="/Game/SM_AL_Stone_Wall_Blockout" FILE="D:/jman copy/jman/Saved/Autosaves/Game/SM_AL_Stone_Wall_Blockout_Auto1.uasset" SILENT=false AUTOSAVING=true
[2019.02.13-12.32.26:191][167]LogSavePackage: Save=37.91ms
[2019.02.13-12.32.26:191][167]LogSavePackage: Moving 'D:/jman copy/jman/Saved/SM_AL_Stone_Wall_Blockout_Auto134CB6C3E47A8E3DA7C7885A0B59BAB5E.tmp' to 'D:/jman copy/jman/Saved/Autosaves/Game/SM_AL_Stone_Wall_Blockout_Auto1.uasset'
[2019.02.13-12.32.26:194][167]LogSavePackage: Display: Finished SavePackage D:/jman copy/jman/Saved/Autosaves/Game/SM_AL_Stone_Wall_Blockout_Auto1.uasset
[2019.02.13-12.32.26:194][167]LogFileHelpers: Auto-saving content packages took 0.146
[2019.02.13-12.33.39:816][351]LogFactory: FactoryCreateFile: Texture with ReimportTextureFactory (0 0 ../../../../../../Users/s6111848/Downloads/journeyman/landscape/Tileable_Dirt.tga)
[2019.02.13-12.33.39:827][351]LogTexture: Display: Building textures: Tileable_Dirt (AutoDXT, 512X512)
[2019.02.13-12.33.54:936][902]LogSlate: Window 'Save Content' being destroyed
[2019.02.13-12.33.54:976][902]Cmd: OBJ SAVEPACKAGE PACKAGE="/Game/landcape/Tileable_Dirt" FILE="D:/jman copy/jman/Content/landcape/Tileable_Dirt.uasset" SILENT=true
[2019.02.13-12.33.55:012][902]LogSavePackage: Save=33.22ms
[2019.02.13-12.33.55:012][902]LogSavePackage: Moving 'D:/jman copy/jman/Saved/Tileable_DirtF9CE96DB4CAFFED6A7794482B4A853B9.tmp' to 'D:/jman copy/jman/Content/landcape/Tileable_Dirt.uasset'
[2019.02.13-12.33.55:014][902]LogSavePackage: Display: Finished SavePackage D:/jman copy/jman/Content/landcape/Tileable_Dirt.uasset
[2019.02.13-12.33.55:039][902]Cmd: OBJ SAVEPACKAGE PACKAGE="/Game/SM_AL_Brick_Wall_Blockout" FILE="D:/jman copy/jman/Content/SM_AL_Brick_Wall_Blockout.uasset" SILENT=true
[2019.02.13-12.33.55:083][902]LogSavePackage: Save=40.54ms
[2019.02.13-12.33.55:083][902]LogSavePackage: Moving 'D:/jman copy/jman/Saved/SM_AL_Brick_Wall_Blockout44A22194499D58044D9C87BD91F8D3F4.tmp' to 'D:/jman copy/jman/Content/SM_AL_Brick_Wall_Blockout.uasset'
[2019.02.13-12.33.55:096][902]LogSavePackage: Display: Finished SavePackage D:/jman copy/jman/Content/SM_AL_Brick_Wall_Blockout.uasset
[2019.02.13-12.33.55:127][902]Cmd: OBJ SAVEPACKAGE PACKAGE="/Game/SM_AL_Stone_Wall_Blockout" FILE="D:/jman copy/jman/Content/SM_AL_Stone_Wall_Blockout.uasset" SILENT=true
[2019.02.13-12.33.55:170][902]LogSavePackage: Save=38.79ms
[2019.02.13-12.33.55:170][902]LogSavePackage: Moving 'D:/jman copy/jman/Saved/SM_AL_Stone_Wall_Blockout6B44BC6A4F8213153EE7C3A573A463AE.tmp' to 'D:/jman copy/jman/Content/SM_AL_Stone_Wall_Blockout.uasset'
[2019.02.13-12.33.55:175][902]LogSavePackage: Display: Finished SavePackage D:/jman copy/jman/Content/SM_AL_Stone_Wall_Blockout.uasset
[2019.02.13-12.33.55:359][902]LogSlate: Window 'jman - Unreal Editor' being destroyed
[2019.02.13-12.33.55:361][902]LogWindowsTextInputMethodSystem: Display: IME system now deactivated.
[2019.02.13-12.33.55:361][902]LogWindowsTextInputMethodSystem: Display: IME system now deactivated.
[2019.02.13-12.33.55:651][903]Cmd: QUIT_EDITOR
[2019.02.13-12.33.55:759][903]LogSlate: Slate User Destroyed.  User Index 0, Is Virtual User: 0
[2019.02.13-12.33.55:760][903]LogExit: Preparing to exit.
[2019.02.13-12.33.56:096][903]LogExit: Editor shut down
[2019.02.13-12.33.56:103][903]LogExit: Transaction tracking system shut down
[2019.02.13-12.33.56:199][903]LogDirectoryWatcher: A directory notification for '../../../Engine/Content/' was aborted.
[2019.02.13-12.33.56:199][903]LogDirectoryWatcher: A directory notification for 'D:/jman copy/jman/Content/' was aborted.
[2019.02.13-12.33.56:200][903]LogDirectoryWatcher: A directory notification for '../../Plugins/2D/Paper2D/Content/' was aborted.
[2019.02.13-12.33.56:200][903]LogDirectoryWatcher: A directory notification for '../../Plugins/Enterprise/DatasmithContent/Content/' was aborted.
[2019.02.13-12.33.56:200][903]LogDirectoryWatcher: A directory notification for '../../Plugins/Media/MediaCompositing/Content/' was aborted.
[2019.02.13-12.33.56:201][903]LogDirectoryWatcher: A directory notification for '../../Plugins/Runtime/AppleARKit/Content/' was aborted.
[2019.02.13-12.33.56:201][903]LogDirectoryWatcher: A directory notification for '../../Plugins/Runtime/Oculus/OculusVR/Content/' was aborted.
[2019.02.13-12.33.56:201][903]LogDirectoryWatcher: A directory notification for '../../Plugins/Runtime/Steam/SteamVR/Content/' was aborted.
[2019.02.13-12.33.56:343][903]LogExit: Object subsystem successfully closed.
[2019.02.13-12.33.56:384][903]LogShaderCompilers: Display: Shaders left to compile 0
[2019.02.13-12.33.56:392][903]LogD3D11RHI: Shutdown
[2019.02.13-12.33.56:393][903]LogD3D11RHI: CleanupD3DDevice
[2019.02.13-12.33.56:400][903]LogD3D11RHI: ~FD3D11DynamicRHI
[2019.02.13-12.33.56:522][903]LogModuleManager: Shutting down and abandoning module HierarchicalLODUtilities (578)
[2019.02.13-12.33.56:523][903]LogModuleManager: Shutting down and abandoning module NewLevelDialog (576)
[2019.02.13-12.33.56:523][903]LogModuleManager: Shutting down and abandoning module HierarchicalLODOutliner (574)
[2019.02.13-12.33.56:523][903]LogModuleManager: Shutting down and abandoning module SceneOutliner (572)
[2019.02.13-12.33.56:523][903]LogModuleManager: Shutting down and abandoning module AddContentDialog (570)
[2019.02.13-12.33.56:524][903]LogDirectoryWatcher: A directory notification for 'C:/Program Files/Epic Games/UE_4.19/FeaturePacks/' was aborted.
[2019.02.13-12.33.56:525][903]LogModuleManager: Shutting down and abandoning module WidgetCarousel (569)
[2019.02.13-12.33.56:525][903]LogModuleManager: Shutting down and abandoning module EditorWidgets (566)
[2019.02.13-12.33.56:525][903]LogModuleManager: Shutting down and abandoning module CollectionManager (564)
[2019.02.13-12.33.56:525][903]LogDirectoryWatcher: A directory notification for 'D:/jman copy/jman/Content/Collections/' was aborted.
[2019.02.13-12.33.56:525][903]LogDirectoryWatcher: A directory notification for 'D:/jman copy/jman/Content/Developers/s6111848/Collections/' was aborted.
[2019.02.13-12.33.56:525][903]LogDirectoryWatcher: A directory notification for 'D:/jman copy/jman/Saved/Collections/' was aborted.
[2019.02.13-12.33.56:525][903]LogModuleManager: Shutting down and abandoning module StatsViewer (562)
[2019.02.13-12.33.56:525][903]LogModuleManager: Shutting down and abandoning module FoliageEdit (560)
[2019.02.13-12.33.56:525][903]LogModuleManager: Shutting down and abandoning module LandscapeEditor (558)
[2019.02.13-12.33.56:526][903]LogModuleManager: Shutting down and abandoning module MeshPaintMode (556)
[2019.02.13-12.33.56:526][903]LogModuleManager: Shutting down and abandoning module SceneDepthPickerMode (554)
[2019.02.13-12.33.56:526][903]LogModuleManager: Shutting down and abandoning module ActorPickerMode (552)
[2019.02.13-12.33.56:526][903]LogModuleManager: Shutting down and abandoning module GeometryMode (550)
[2019.02.13-12.33.56:526][903]LogModuleManager: Shutting down and abandoning module TextureAlignMode (548)
[2019.02.13-12.33.56:526][903]LogModuleManager: Shutting down and abandoning module BspMode (546)
[2019.02.13-12.33.56:526][903]LogModuleManager: Shutting down and abandoning module PIEPreviewDeviceProfileSelector (544)
[2019.02.13-12.33.56:526][903]LogModuleManager: Shutting down and abandoning module HardwareSurvey (542)
[2019.02.13-12.33.56:526][903]LogModuleManager: Shutting down and abandoning module SequenceRecorderSections (540)
[2019.02.13-12.33.56:526][903]LogModuleManager: Shutting down and abandoning module AutomationWorker (538)
[2019.02.13-12.33.56:526][903]LogModuleManager: Shutting down and abandoning module AudioCaptureEditor (536)
[2019.02.13-12.33.56:526][903]LogModuleManager: Shutting down and abandoning module SequenceRecorder (535)
[2019.02.13-12.33.56:526][903]LogModuleManager: Shutting down and abandoning module MatineeToLevelSequence (532)
[2019.02.13-12.33.56:526][903]LogModuleManager: Shutting down and abandoning module LevelSequenceEditor (530)
[2019.02.13-12.33.56:527][903]LogModuleManager: Shutting down and abandoning module PlacementMode (529)
[2019.02.13-12.33.56:527][903]LogModuleManager: Shutting down and abandoning module MaterialEditor (528)
[2019.02.13-12.33.56:530][903]LogModuleManager: Shutting down and abandoning module WmfMediaFactory (524)
[2019.02.13-12.33.56:531][903]LogModuleManager: Shutting down and abandoning module WmfMediaEditor (522)
[2019.02.13-12.33.56:531][903]LogModuleManager: Shutting down and abandoning module MediaPlayerEditor (520)
[2019.02.13-12.33.56:531][903]LogModuleManager: Shutting down and abandoning module OpenExrWrapper (518)
[2019.02.13-12.33.56:531][903]LogModuleManager: Shutting down and abandoning module ImgMediaFactory (516)
[2019.02.13-12.33.56:531][903]LogModuleManager: Shutting down and abandoning module ImgMediaEditor (514)
[2019.02.13-12.33.56:531][903]LogModuleManager: Shutting down and abandoning module AvfMediaFactory (512)
[2019.02.13-12.33.56:531][903]LogModuleManager: Shutting down and abandoning module AvfMediaEditor (510)
[2019.02.13-12.33.56:531][903]LogModuleManager: Shutting down and abandoning module AndroidMediaFactory (508)
[2019.02.13-12.33.56:531][903]LogModuleManager: Shutting down and abandoning module AndroidMediaEditor (506)
[2019.02.13-12.33.56:531][903]LogModuleManager: Shutting down and abandoning module CharacterAI (504)
[2019.02.13-12.33.56:531][903]LogModuleManager: Shutting down and abandoning module SmartSnapping (502)
[2019.02.13-12.33.56:531][903]LogModuleManager: Shutting down and abandoning module SessionServices (500)
[2019.02.13-12.33.56:531][903]LogModuleManager: Shutting down and abandoning module ViewportSnapping (498)
[2019.02.13-12.33.56:531][903]LogModuleManager: Shutting down and abandoning module ViewportInteraction (496)
[2019.02.13-12.33.56:531][903]LogModuleManager: Shutting down and abandoning module ClothPainter (494)
[2019.02.13-12.33.56:532][903]LogModuleManager: Shutting down and abandoning module SkeletalMeshEditor (493)
[2019.02.13-12.33.56:533][903]LogModuleManager: Shutting down and abandoning module LogVisualizer (490)
[2019.02.13-12.33.56:533][903]LogModuleManager: Shutting down and abandoning module IntroTutorials (488)
[2019.02.13-12.33.56:533][903]LogModuleManager: Shutting down and abandoning module GameProjectGeneration (487)
[2019.02.13-12.33.56:534][903]LogModuleManager: Shutting down and abandoning module IOSPlatformEditor (484)
[2019.02.13-12.33.56:534][903]LogModuleManager: Shutting down and abandoning module HTML5PlatformEditor (482)
[2019.02.13-12.33.56:534][903]LogModuleManager: Shutting down and abandoning module AndroidPlatformEditor (480)
[2019.02.13-12.33.56:534][903]LogModuleManager: Shutting down and abandoning module AndroidDeviceDetection (479)
[2019.02.13-12.33.56:907][903]LogModuleManager: Shutting down and abandoning module WindowsPlatformEditor (476)
[2019.02.13-12.33.56:907][903]LogModuleManager: Shutting down and abandoning module IOSRuntimeSettings (474)
[2019.02.13-12.33.56:907][903]LogModuleManager: Shutting down and abandoning module AndroidRuntimeSettings (472)
[2019.02.13-12.33.56:907][903]LogModuleManager: Shutting down and abandoning module InputBindingEditor (470)
[2019.02.13-12.33.56:907][903]LogModuleManager: Shutting down and abandoning module MergeActors (468)
[2019.02.13-12.33.56:907][903]LogModuleManager: Shutting down and abandoning module LocalizationDashboard (466)
[2019.02.13-12.33.56:908][903]LogModuleManager: Shutting down and abandoning module LocalizationService (465)
[2019.02.13-12.33.56:908][903]LogModuleManager: Shutting down and abandoning module HardwareTargeting (462)
[2019.02.13-12.33.56:908][903]LogModuleManager: Shutting down and abandoning module DeviceProfileEditor (460)
[2019.02.13-12.33.56:908][903]LogModuleManager: Shutting down and abandoning module UndoHistory (458)
[2019.02.13-12.33.56:908][903]LogModuleManager: Shutting down and abandoning module XmlParser (456)
[2019.02.13-12.33.56:908][903]LogModuleManager: Shutting down and abandoning module Blutility (454)
[2019.02.13-12.33.56:908][903]LogModuleManager: Shutting down and abandoning module ProjectSettingsViewer (452)
[2019.02.13-12.33.56:908][903]LogModuleManager: Shutting down and abandoning module ProjectTargetPlatformEditor (451)
[2019.02.13-12.33.56:908][903]LogModuleManager: Shutting down and abandoning module EditorSettingsViewer (448)
[2019.02.13-12.33.56:908][903]LogModuleManager: Shutting down and abandoning module SettingsEditor (446)
[2019.02.13-12.33.56:909][903]LogModuleManager: Shutting down and abandoning module ProjectLauncher (444)
[2019.02.13-12.33.56:909][903]LogModuleManager: Shutting down and abandoning module SessionFrontend (442)
[2019.02.13-12.33.56:909][903]LogModuleManager: Shutting down and abandoning module ProfilerClient (440)
[2019.02.13-12.33.56:910][903]LogModuleManager: Shutting down and abandoning module DeviceManager (438)
[2019.02.13-12.33.56:910][903]LogModuleManager: Shutting down and abandoning module TargetDeviceServices (437)
[2019.02.13-12.33.56:987][903]LogModuleManager: Shutting down and abandoning module AutomationController (434)
[2019.02.13-12.33.56:987][903]LogModuleManager: Shutting down and abandoning module AutomationWindow (432)
[2019.02.13-12.33.56:988][903]LogModuleManager: Shutting down and abandoning module Layers (430)
[2019.02.13-12.33.56:990][903]LogModuleManager: Shutting down and abandoning module ComponentVisualizers (428)
[2019.02.13-12.33.56:990][903]LogModuleManager: Shutting down and abandoning module DetailCustomizations (426)
[2019.02.13-12.33.56:990][903]LogModuleManager: Shutting down and abandoning module PackagesDialog (424)
[2019.02.13-12.33.56:990][903]LogModuleManager: Shutting down and abandoning module Persona (422)
[2019.02.13-12.33.56:991][903]LogModuleManager: Shutting down and abandoning module AdvancedPreviewScene (421)
[2019.02.13-12.33.56:991][903]LogModuleManager: Shutting down and abandoning module AnimGraph (419)
[2019.02.13-12.33.56:991][903]LogModuleManager: Shutting down and abandoning module Kismet (416)
[2019.02.13-12.33.56:991][903]LogModuleManager: Shutting down and abandoning module GraphEditor (414)
[2019.02.13-12.33.56:993][903]LogModuleManager: Shutting down and abandoning module ClassViewer (412)
[2019.02.13-12.33.56:994][903]LogModuleManager: Shutting down and abandoning module Toolbox (410)
[2019.02.13-12.33.56:994][903]LogModuleManager: Shutting down and abandoning module ModuleUI (408)
[2019.02.13-12.33.56:994][903]LogModuleManager: Shutting down and abandoning module MovieSceneTools (406)
[2019.02.13-12.33.56:994][903]LogModuleManager: Shutting down and abandoning module OutputLog (404)
[2019.02.13-12.33.56:995][903]LogModuleManager: Shutting down and abandoning module GammaUI (402)
[2019.02.13-12.33.56:995][903]LogModuleManager: Shutting down and abandoning module Documentation (400)
[2019.02.13-12.33.56:995][903]LogModuleManager: Shutting down and abandoning module MovieSceneTracks (398)
[2019.02.13-12.33.56:995][903]LogModuleManager: Shutting down and abandoning module MovieScene (396)
[2019.02.13-12.33.56:995][903]LogModuleManager: Shutting down and abandoning module StreamingPauseRendering (394)
[2019.02.13-12.33.56:995][903]LogModuleManager: Shutting down and abandoning module LauncherPlatform (392)
[2019.02.13-12.33.56:995][903]LogModuleManager: Shutting down and abandoning module AnalyticsET (390)
[2019.02.13-12.33.56:995][903]LogModuleManager: Shutting down and abandoning module PortalServices (388)
[2019.02.13-12.33.56:995][903]LogModuleManager: Shutting down and abandoning module PortalRpc (386)
[2019.02.13-12.33.56:995][903]LogModuleManager: Shutting down and abandoning module MessagingRpc (384)
[2019.02.13-12.33.56:995][903]LogModuleManager: Shutting down and abandoning module AIModule (382)
[2019.02.13-12.33.56:996][903]LogModuleManager: Shutting down and abandoning module GameplayDebugger (381)
[2019.02.13-12.33.56:996][903]LogModuleManager: Shutting down and abandoning module AITestSuite (379)
[2019.02.13-12.33.56:996][903]LogModuleManager: Shutting down and abandoning module DesktopPlatform (376)
[2019.02.13-12.33.56:996][903]LogModuleManager: Shutting down and abandoning module ProfilerService (374)
[2019.02.13-12.33.57:143][903]LogModuleManager: Shutting down and abandoning module TaskGraph (372)
[2019.02.13-12.33.57:144][903]LogModuleManager: Shutting down and abandoning module SteamVRController (370)
[2019.02.13-12.33.57:144][903]LogModuleManager: Shutting down and abandoning module ProceduralMeshComponentEditor (368)
[2019.02.13-12.33.57:144][903]LogModuleManager: Shutting down and abandoning module ProceduralMeshComponent (366)
[2019.02.13-12.33.57:144][903]LogModuleManager: Shutting down and abandoning module OculusInput (364)
[2019.02.13-12.33.57:144][903]LogModuleManager: Shutting down and abandoning module MobilePatchingUtils (362)
[2019.02.13-12.33.57:144][903]LogModuleManager: Shutting down and abandoning module CustomMeshComponent (360)
[2019.02.13-12.33.57:144][903]LogModuleManager: Shutting down and abandoning module CableComponent (358)
[2019.02.13-12.33.57:144][903]LogModuleManager: Shutting down and abandoning module AudioCapture (356)
[2019.02.13-12.33.57:144][903]LogModuleManager: Shutting down and abandoning module ArchVisCharacter (354)
[2019.02.13-12.33.57:144][903]LogModuleManager: Shutting down and abandoning module AndroidPermission (352)
[2019.02.13-12.33.57:144][903]LogModuleManager: Shutting down and abandoning module NUTUnrealEngine4 (348)
[2019.02.13-12.33.57:144][903]LogModuleManager: Shutting down and abandoning module NetcodeUnitTest (346)
[2019.02.13-12.33.57:145][903]LogModuleManager: Shutting down and abandoning module MediaCompositingEditor (344)
[2019.02.13-12.33.57:145][903]LogModuleManager: Shutting down and abandoning module MediaCompositing (342)
[2019.02.13-12.33.57:145][903]LogModuleManager: Shutting down and abandoning module LinearTimecode (340)
[2019.02.13-12.33.57:145][903]LogModuleManager: Shutting down and abandoning module ImgMedia (338)
[2019.02.13-12.33.57:153][903]LogModuleManager: Shutting down and abandoning module HTML5Networking (336)
[2019.02.13-12.33.57:153][903]LogModuleManager: Shutting down and abandoning module AlembicImporter (334)
[2019.02.13-12.33.57:154][903]LogModuleManager: Shutting down and abandoning module AlembicLibrary (333)
[2019.02.13-12.33.57:154][903]LogModuleManager: Shutting down and abandoning module GeometryCache (332)
[2019.02.13-12.33.57:154][903]LogModuleManager: Shutting down and abandoning module GeometryCacheEd (331)
[2019.02.13-12.33.57:154][903]LogModuleManager: Shutting down and abandoning module DatasmithContent (326)
[2019.02.13-12.33.57:154][903]LogModuleManager: Shutting down and abandoning module SpeedTreeImporter (324)
[2019.02.13-12.33.57:154][903]LogModuleManager: Shutting down and abandoning module PluginBrowser (322)
[2019.02.13-12.33.57:154][903]LogModuleManager: Shutting down and abandoning module MobileLauncherProfileWizard (320)
[2019.02.13-12.33.57:155][903]LogModuleManager: Shutting down and abandoning module CryptoKeysOpenSSL (318)
[2019.02.13-12.33.57:155][903]LogModuleManager: Shutting down and abandoning module CryptoKeys (316)
[2019.02.13-12.33.57:155][903]LogModuleManager: Shutting down and abandoning module VisualStudioSourceCodeAccess (314)
[2019.02.13-12.33.57:155][903]LogModuleManager: Shutting down and abandoning module VisualStudioCodeSourceCodeAccess (312)
[2019.02.13-12.33.57:155][903]LogModuleManager: Shutting down and abandoning module UObjectPlugin (310)
[2019.02.13-12.33.57:155][903]LogModuleManager: Shutting down and abandoning module SubversionSourceControl (308)
[2019.02.13-12.33.57:155][903]LogModuleManager: Shutting down and abandoning module PerforceSourceControl (306)
[2019.02.13-12.33.57:155][903]LogModuleManager: Shutting down and abandoning module GitSourceControl (304)
[2019.02.13-12.33.57:155][903]LogModuleManager: Shutting down and abandoning module SourceControl (303)
[2019.02.13-12.33.57:156][903]LogModuleManager: Shutting down and abandoning module CLionSourceCodeAccess (300)
[2019.02.13-12.33.57:156][903]LogModuleManager: Shutting down and abandoning module LightPropagationVolumeEditor (298)
[2019.02.13-12.33.57:156][903]LogModuleManager: Shutting down and abandoning module PaperTiledImporter (296)
[2019.02.13-12.33.57:156][903]LogModuleManager: Shutting down and abandoning module PaperSpriteSheetImporter (294)
[2019.02.13-12.33.57:156][903]LogModuleManager: Shutting down and abandoning module Paper2DEditor (292)
[2019.02.13-12.33.57:156][903]LogModuleManager: Shutting down and abandoning module MeshPaint (291)
[2019.02.13-12.33.57:156][903]LogModuleManager: Shutting down and abandoning module RuntimePhysXCooking (288)
[2019.02.13-12.33.57:157][903]LogModuleManager: Shutting down and abandoning module PhysXVehiclesEditor (286)
[2019.02.13-12.33.57:157][903]LogModuleManager: Shutting down and abandoning module PhysXVehicles (284)
[2019.02.13-12.33.57:157][903]LogModuleManager: Shutting down and abandoning module OculusEditor (282)
[2019.02.13-12.33.57:157][903]LogModuleManager: Shutting down and abandoning module LocationServicesBPLibrary (280)
[2019.02.13-12.33.57:157][903]LogModuleManager: Shutting down and abandoning module ImmediatePhysicsEditor (278)
[2019.02.13-12.33.57:157][903]LogModuleManager: Shutting down and abandoning module ImmediatePhysics (276)
[2019.02.13-12.33.57:157][903]LogModuleManager: Shutting down and abandoning module ActorSequence (274)
[2019.02.13-12.33.57:157][903]LogModuleManager: Shutting down and abandoning module UdpMessaging (272)
[2019.02.13-12.33.57:257][903]LogModuleManager: Shutting down and abandoning module TcpMessaging (270)
[2019.02.13-12.33.57:358][903]LogModuleManager: Shutting down and abandoning module GameplayTagsEditor (268)
[2019.02.13-12.33.57:359][903]LogModuleManager: Shutting down and abandoning module FacialAnimationEditor (266)
[2019.02.13-12.33.57:359][903]LogModuleManager: Shutting down and abandoning module FacialAnimation (264)
[2019.02.13-12.33.57:359][903]LogModuleManager: Shutting down and abandoning module DataValidation (262)
[2019.02.13-12.33.57:359][903]LogModuleManager: Shutting down and abandoning module AssetManagerEditor (260)
[2019.02.13-12.33.57:360][903]LogModuleManager: Shutting down and abandoning module LevelEditor (259)
[2019.02.13-12.33.57:361][903]LogModuleManager: Shutting down and abandoning module PixelInspectorModule (258)
[2019.02.13-12.33.57:361][903]LogModuleManager: Shutting down and abandoning module CommonMenuExtensions (256)
[2019.02.13-12.33.57:362][903]LogModuleManager: Shutting down and abandoning module MainFrame (254)
[2019.02.13-12.33.57:362][903]LogModuleManager: Shutting down and abandoning module HotReload (253)
[2019.02.13-12.33.57:363][903]LogModuleManager: Shutting down and abandoning module ContentBrowser (249)
[2019.02.13-12.33.57:366][903]LogModuleManager: Shutting down and abandoning module TreeMap (247)
[2019.02.13-12.33.57:366][903]LogModuleManager: Shutting down and abandoning module LightPropagationVolumeRuntime (244)
[2019.02.13-12.33.57:366][903]LogModuleManager: Shutting down and abandoning module LiveLinkEditor (242)
[2019.02.13-12.33.57:366][903]LogModuleManager: Shutting down and abandoning module LiveLink (240)
[2019.02.13-12.33.57:929][903]LogModuleManager: Shutting down and abandoning module Paper2D (238)
[2019.02.13-12.33.57:929][903]LogModuleManager: Shutting down and abandoning module WindowsMoviePlayer (236)
[2019.02.13-12.33.57:929][903]LogModuleManager: Shutting down and abandoning module WmfMedia (234)
[2019.02.13-12.33.57:940][903]LogModuleManager: Shutting down and abandoning module Media (233)
[2019.02.13-12.33.57:947][903]LogModuleManager: Shutting down and abandoning module PacketHandler (230)
[2019.02.13-12.33.57:947][903]LogModuleManager: Shutting down and abandoning module ClothingSystemEditor (228)
[2019.02.13-12.33.57:947][903]LogModuleManager: Shutting down and abandoning module ClothingSystemRuntime (226)
[2019.02.13-12.33.57:947][903]LogModuleManager: Shutting down and abandoning module MediaAssets (224)
[2019.02.13-12.33.57:947][903]LogModuleManager: Shutting down and abandoning module Overlay (222)
[2019.02.13-12.33.57:947][903]LogModuleManager: Shutting down and abandoning module OverlayEditor (221)
[2019.02.13-12.33.57:948][903]LogModuleManager: Shutting down and abandoning module VREditor (218)
[2019.02.13-12.33.57:948][903]LogModuleManager: Shutting down and abandoning module StringTableEditor (216)
[2019.02.13-12.33.57:948][903]LogModuleManager: Shutting down and abandoning module GameplayTasksEditor (214)
[2019.02.13-12.33.57:948][903]LogModuleManager: Shutting down and abandoning module BehaviorTreeEditor (212)
[2019.02.13-12.33.57:949][903]LogModuleManager: Shutting down and abandoning module FunctionalTesting (210)
[2019.02.13-12.33.57:949][903]LogModuleManager: Shutting down and abandoning module CollisionAnalyzer (208)
[2019.02.13-12.33.57:949][903]LogModuleManager: Shutting down and abandoning module WorkspaceMenuStructure (207)
[2019.02.13-12.33.57:949][903]LogModuleManager: Shutting down and abandoning module UMG (204)
[2019.02.13-12.33.57:949][903]LogModuleManager: Shutting down and abandoning module UMGEditor (203)
[2019.02.13-12.33.57:951][903]LogModuleManager: Shutting down and abandoning module Sequencer (202)
[2019.02.13-12.33.57:952][903]LogModuleManager: Shutting down and abandoning module MessageLog (199)
[2019.02.13-12.33.57:952][903]LogModuleManager: Shutting down and abandoning module SlateReflector (194)
[2019.02.13-12.33.57:954][903]LogModuleManager: Shutting down and abandoning module Slate (192)
[2019.02.13-12.33.57:954][903]LogModuleManager: Shutting down and abandoning module EditorStyle (190)
[2019.02.13-12.33.57:958][903]LogModuleManager: Shutting down and abandoning module MRMesh (188)
[2019.02.13-12.33.57:958][903]LogModuleManager: Shutting down and abandoning module SourceCodeAccess (186)
[2019.02.13-12.33.57:959][903]LogModuleManager: Shutting down and abandoning module HeadMountedDisplay (184)
[2019.02.13-12.33.57:959][903]LogModuleManager: Shutting down and abandoning module XAudio2 (182)
[2019.02.13-12.33.57:959][903]LogModuleManager: Shutting down and abandoning module Networking (180)
[2019.02.13-12.33.57:959][903]LogModuleManager: Shutting down and abandoning module Core (178)
[2019.02.13-12.33.57:959][903]LogModuleManager: Shutting down and abandoning module LevelSequence (176)
[2019.02.13-12.33.57:959][903]LogModuleManager: Shutting down and abandoning module KismetCompiler (174)
[2019.02.13-12.33.57:959][903]LogModuleManager: Shutting down and abandoning module MeshUtilities (172)
[2019.02.13-12.33.57:959][903]LogModuleManager: Shutting down and abandoning module MeshMergeUtilities (171)
[2019.02.13-12.33.57:959][903]LogModuleManager: Shutting down and abandoning module MeshReductionInterface (170)
[2019.02.13-12.33.57:959][903]LogModuleManager: Shutting down and abandoning module SimplygonSwarm (169)
[2019.02.13-12.33.57:959][903]LogModuleManager: Shutting down and abandoning module SimplygonMeshReduction (167)
[2019.02.13-12.33.57:959][903]LogModuleManager: Shutting down and abandoning module QuadricMeshReduction (165)
[2019.02.13-12.33.57:959][903]LogModuleManager: Shutting down and abandoning module MaterialBaking (161)
[2019.02.13-12.33.57:959][903]LogModuleManager: Shutting down and abandoning module DirectoryWatcher (157)
[2019.02.13-12.33.57:961][903]LogModuleManager: Shutting down and abandoning module DerivedDataCache (154)
[2019.02.13-12.33.57:972][903]LogDerivedDataCache: Shutdown
[2019.02.13-12.33.57:972][903]LogModuleManager: Shutting down and abandoning module XGEController (152)
[2019.02.13-12.33.57:972][903]LogXGEController: Cleaning working directory: C:/Users/s6111848/AppData/Local/Temp/UnrealXGEWorkingDir/
[2019.02.13-12.33.57:973][903]LogModuleManager: Shutting down and abandoning module TargetPlatform (150)
[2019.02.13-12.33.57:974][903]LogModuleManager: Shutting down and abandoning module VulkanShaderFormat (149)
[2019.02.13-12.33.57:974][903]LogModuleManager: Shutting down and abandoning module ShaderFormatVectorVM (147)
[2019.02.13-12.33.57:974][903]LogModuleManager: Shutting down and abandoning module ShaderFormatOpenGL (145)
[2019.02.13-12.33.57:975][903]LogModuleManager: Shutting down and abandoning module ShaderFormatD3D (143)
[2019.02.13-12.33.57:975][903]LogModuleManager: Shutting down and abandoning module MetalShaderFormat (141)
[2019.02.13-12.33.57:975][903]LogModuleManager: Shutting down and abandoning module TextureFormatUncompressed (139)
[2019.02.13-12.33.57:975][903]LogModuleManager: Shutting down and abandoning module TextureFormatPVR (137)
[2019.02.13-12.33.57:976][903]LogModuleManager: Shutting down and abandoning module TextureFormatDXT (135)
[2019.02.13-12.33.57:976][903]LogModuleManager: Shutting down and abandoning module TextureFormatIntelISPCTexComp (133)
[2019.02.13-12.33.57:976][903]LogModuleManager: Shutting down and abandoning module TextureFormatASTC (131)
[2019.02.13-12.33.57:976][903]LogModuleManager: Shutting down and abandoning module ImageWrapper (130)
[2019.02.13-12.33.57:976][903]LogModuleManager: Shutting down and abandoning module TextureFormatAndroid (127)
[2019.02.13-12.33.57:976][903]LogModuleManager: Shutting down and abandoning module AudioFormatOpus (125)
[2019.02.13-12.33.57:976][903]LogModuleManager: Shutting down and abandoning module AudioFormatOgg (123)
[2019.02.13-12.33.57:976][903]LogModuleManager: Shutting down and abandoning module AudioFormatADPCM (121)
[2019.02.13-12.33.57:976][903]LogModuleManager: Shutting down and abandoning module LinuxTargetPlatform (119)
[2019.02.13-12.33.57:976][903]LogModuleManager: Shutting down and abandoning module LinuxServerTargetPlatform (117)
[2019.02.13-12.33.57:976][903]LogModuleManager: Shutting down and abandoning module LinuxNoEditorTargetPlatform (115)
[2019.02.13-12.33.57:976][903]LogModuleManager: Shutting down and abandoning module LinuxClientTargetPlatform (113)
[2019.02.13-12.33.57:976][903]LogModuleManager: Shutting down and abandoning module TVOSTargetPlatform (111)
[2019.02.13-12.33.57:976][903]LogModuleManager: Shutting down and abandoning module Messaging (109)
[2019.02.13-12.33.57:976][903]LogModuleManager: Shutting down and abandoning module IOSTargetPlatform (107)
[2019.02.13-12.33.57:976][903]LogModuleManager: Shutting down and abandoning module HTML5TargetPlatform (105)
[2019.02.13-12.33.57:976][903]LogModuleManager: Shutting down and abandoning module AndroidTargetPlatform (103)
[2019.02.13-12.33.57:977][903]LogModuleManager: Shutting down and abandoning module Android_PVRTCTargetPlatform (101)
[2019.02.13-12.33.57:977][903]LogModuleManager: Shutting down and abandoning module Android_MultiTargetPlatform (99)
[2019.02.13-12.33.57:977][903]LogModuleManager: Shutting down and abandoning module Android_ETC2TargetPlatform (97)
[2019.02.13-12.33.57:977][903]LogModuleManager: Shutting down and abandoning module Android_ETC1TargetPlatform (95)
[2019.02.13-12.33.57:977][903]LogModuleManager: Shutting down and abandoning module Android_ETC1aTargetPlatform (93)
[2019.02.13-12.33.57:977][903]LogModuleManager: Shutting down and abandoning module Android_DXTTargetPlatform (91)
[2019.02.13-12.33.57:977][903]LogModuleManager: Shutting down and abandoning module Android_ATCTargetPlatform (89)
[2019.02.13-12.33.57:977][903]LogModuleManager: Shutting down and abandoning module Android_ASTCTargetPlatform (87)
[2019.02.13-12.33.57:977][903]LogModuleManager: Shutting down and abandoning module WindowsTargetPlatform (85)
[2019.02.13-12.33.57:977][903]LogModuleManager: Shutting down and abandoning module WindowsServerTargetPlatform (83)
[2019.02.13-12.33.57:977][903]LogModuleManager: Shutting down and abandoning module WindowsNoEditorTargetPlatform (81)
[2019.02.13-12.33.57:977][903]LogModuleManager: Shutting down and abandoning module WindowsClientTargetPlatform (79)
[2019.02.13-12.33.57:977][903]LogModuleManager: Shutting down and abandoning module MacTargetPlatform (77)
[2019.02.13-12.33.57:977][903]LogModuleManager: Shutting down and abandoning module MacServerTargetPlatform (75)
[2019.02.13-12.33.57:977][903]LogModuleManager: Shutting down and abandoning module MacNoEditorTargetPlatform (73)
[2019.02.13-12.33.57:977][903]LogModuleManager: Shutting down and abandoning module MacClientTargetPlatform (71)
[2019.02.13-12.33.57:977][903]LogModuleManager: Shutting down and abandoning module AllDesktopTargetPlatform (69)
[2019.02.13-12.33.57:977][903]LogModuleManager: Shutting down and abandoning module InputCore (66)
[2019.02.13-12.33.57:977][903]LogModuleManager: Shutting down and abandoning module Settings (64)
[2019.02.13-12.33.57:977][903]LogModuleManager: Shutting down and abandoning module PhysXCooking (62)
[2019.02.13-12.33.57:977][903]LogModuleManager: Shutting down and abandoning module SteamVR (60)
[2019.02.13-12.33.57:977][903]LogModuleManager: Shutting down and abandoning module OculusHMD (58)
[2019.02.13-12.33.57:978][903]LogModuleManager: Shutting down and abandoning module ExampleDeviceProfileSelector (56)
[2019.02.13-12.33.57:978][903]LogModuleManager: Shutting down and abandoning module AppleARKit (54)
[2019.02.13-12.33.57:978][903]LogModuleManager: Shutting down and abandoning module AugmentedReality (51)
[2019.02.13-12.33.57:978][903]LogModuleManager: Shutting down and abandoning module OnlineBlueprintSupport (48)
[2019.02.13-12.33.57:978][903]LogModuleManager: Shutting down and abandoning module OnlineSubsystem (44)
[2019.02.13-12.33.57:978][903]LogModuleManager: Shutting down and abandoning module XMPP (43)
[2019.02.13-12.33.57:979][903]LogModuleManager: Shutting down and abandoning module HTTP (41)
[2019.02.13-12.33.57:979][903]LogHttp: Display: Http module shutting down, but needs to wait on 1 outstanding Http requests:
[2019.02.13-12.33.57:979][903]LogHttp: Display: 	verb=[POST] url=[https://datarouter.ol.epicgames.com/datarouter/api/v1/public/data?SessionID=%7BC6BDDA45-41D5-4ECB-3157-A4A88A704FF8%7D&AppID=UEEditor.Rocket.Release&AppVersion=4.19.2-4033788%2B%2B%2BUE4%2BRelease-4.19&UserID=fd7e62d0428f26f974c9e39dcb7cd82a%7C%7C90d5a809-c1b4-4952-9bcd-05b3c6fc365d&AppEnvironment=datacollector-binary&UploadType=eteventstream] status=Processing
[2019.02.13-12.33.57:993][903]LogModuleManager: Shutting down and abandoning module SSL (40)
[2019.02.13-12.33.57:996][903]LogModuleManager: Shutting down and abandoning module AnimationModifiers (36)
[2019.02.13-12.33.57:996][903]LogModuleManager: Shutting down and abandoning module PropertyEditor (35)
[2019.02.13-12.33.57:996][903]LogModuleManager: Shutting down and abandoning module AudioEditor (32)
[2019.02.13-12.33.57:997][903]LogModuleManager: Shutting down and abandoning module TextureCompressor (30)
[2019.02.13-12.33.57:997][903]LogModuleManager: Shutting down and abandoning module ShaderCore (28)
[2019.02.13-12.33.57:997][903]LogModuleManager: Shutting down and abandoning module Landscape (26)
[2019.02.13-12.33.57:997][903]LogModuleManager: Shutting down and abandoning module SlateRHIRenderer (24)
[2019.02.13-12.33.57:999][903]LogModuleManager: Shutting down and abandoning module OpenGLDrv (22)
[2019.02.13-12.33.58:000][903]LogModuleManager: Shutting down and abandoning module D3D11RHI (20)
[2019.02.13-12.33.58:000][903]LogModuleManager: Shutting down and abandoning module AnimGraphRuntime (18)
[2019.02.13-12.33.58:000][903]LogModuleManager: Shutting down and abandoning module Renderer (16)
[2019.02.13-12.33.58:000][903]LogModuleManager: Shutting down and abandoning module Engine (14)
[2019.02.13-12.33.58:000][903]LogModuleManager: Shutting down and abandoning module CoreUObject (12)
[2019.02.13-12.33.58:000][903]LogModuleManager: Shutting down and abandoning module NetworkFile (10)
[2019.02.13-12.33.58:000][903]LogModuleManager: Shutting down and abandoning module CookedIterativeFile (8)
[2019.02.13-12.33.58:000][903]LogModuleManager: Shutting down and abandoning module StreamingFile (6)
[2019.02.13-12.33.58:000][903]LogModuleManager: Shutting down and abandoning module SandboxFile (4)
[2019.02.13-12.33.58:000][903]LogModuleManager: Shutting down and abandoning module PakFile (2)
[2019.02.13-12.33.58:030][903]LogExit: Exiting.
[2019.02.13-12.33.58:058][903]Log file closed, 02/13/19 12:33:58
